(0.000) 
            SELECT name, type FROM sqlite_master
            WHERE type in ('table', 'view') AND NOT name='sqlite_sequence'
            ORDER BY name; args=None
(0.000) 
            SELECT name, type FROM sqlite_master
            WHERE type in ('table', 'view') AND NOT name='sqlite_sequence'
            ORDER BY name; args=None
(0.000) 
            SELECT name, type FROM sqlite_master
            WHERE type in ('table', 'view') AND NOT name='sqlite_sequence'
            ORDER BY name; args=None
(0.000) PRAGMA foreign_keys = OFF; args=None
(0.000) PRAGMA foreign_keys; args=None
(0.000) PRAGMA legacy_alter_table = ON; args=None
(0.000) BEGIN; args=None
CREATE TABLE "django_migrations" ("id" integer NOT NULL PRIMARY KEY AUTOINCREMENT, "app" varchar(255) NOT NULL, "name" varchar(255) NOT NULL, "applied" datetime NOT NULL); (params None)
(0.000) CREATE TABLE "django_migrations" ("id" integer NOT NULL PRIMARY KEY AUTOINCREMENT, "app" varchar(255) NOT NULL, "name" varchar(255) NOT NULL, "applied" datetime NOT NULL); args=None
(0.000) PRAGMA legacy_alter_table = OFF; args=None
(0.000) PRAGMA foreign_keys = ON; args=None
(0.000) PRAGMA foreign_keys = OFF; args=None
(0.000) PRAGMA foreign_keys; args=None
(0.000) PRAGMA legacy_alter_table = ON; args=None
(0.000) BEGIN; args=None
CREATE TABLE "django_content_type" ("id" integer NOT NULL PRIMARY KEY AUTOINCREMENT, "name" varchar(100) NOT NULL, "app_label" varchar(100) NOT NULL, "model" varchar(100) NOT NULL); (params None)
(0.000) CREATE TABLE "django_content_type" ("id" integer NOT NULL PRIMARY KEY AUTOINCREMENT, "name" varchar(100) NOT NULL, "app_label" varchar(100) NOT NULL, "model" varchar(100) NOT NULL); args=None
CREATE UNIQUE INDEX "django_content_type_app_label_model_76bd3d3b_uniq" ON "django_content_type" ("app_label", "model"); (params ())
(0.000) CREATE UNIQUE INDEX "django_content_type_app_label_model_76bd3d3b_uniq" ON "django_content_type" ("app_label", "model"); args=()
(0.000) PRAGMA legacy_alter_table = OFF; args=None
(0.000) PRAGMA foreign_keys = ON; args=None
(0.000) 
            SELECT name, type FROM sqlite_master
            WHERE type in ('table', 'view') AND NOT name='sqlite_sequence'
            ORDER BY name; args=None
(0.000) BEGIN; args=None
(0.000) INSERT INTO "django_migrations" ("app", "name", "applied") VALUES ('contenttypes', '0001_initial', '2019-04-12 07:28:04.821529'); args=['contenttypes', '0001_initial', '2019-04-12 07:28:04.821529']
(0.000) PRAGMA foreign_keys = OFF; args=None
(0.000) PRAGMA foreign_keys; args=None
(0.000) PRAGMA legacy_alter_table = ON; args=None
(0.000) BEGIN; args=None
CREATE TABLE "auth_permission" ("id" integer NOT NULL PRIMARY KEY AUTOINCREMENT, "name" varchar(50) NOT NULL, "content_type_id" integer NOT NULL REFERENCES "django_content_type" ("id") DEFERRABLE INITIALLY DEFERRED, "codename" varchar(100) NOT NULL); (params None)
(0.001) CREATE TABLE "auth_permission" ("id" integer NOT NULL PRIMARY KEY AUTOINCREMENT, "name" varchar(50) NOT NULL, "content_type_id" integer NOT NULL REFERENCES "django_content_type" ("id") DEFERRABLE INITIALLY DEFERRED, "codename" varchar(100) NOT NULL); args=None
CREATE TABLE "auth_group" ("id" integer NOT NULL PRIMARY KEY AUTOINCREMENT, "name" varchar(80) NOT NULL UNIQUE); (params None)
(0.000) CREATE TABLE "auth_group" ("id" integer NOT NULL PRIMARY KEY AUTOINCREMENT, "name" varchar(80) NOT NULL UNIQUE); args=None
CREATE TABLE "auth_group_permissions" ("id" integer NOT NULL PRIMARY KEY AUTOINCREMENT, "group_id" integer NOT NULL REFERENCES "auth_group" ("id") DEFERRABLE INITIALLY DEFERRED, "permission_id" integer NOT NULL REFERENCES "auth_permission" ("id") DEFERRABLE INITIALLY DEFERRED); (params None)
(0.000) CREATE TABLE "auth_group_permissions" ("id" integer NOT NULL PRIMARY KEY AUTOINCREMENT, "group_id" integer NOT NULL REFERENCES "auth_group" ("id") DEFERRABLE INITIALLY DEFERRED, "permission_id" integer NOT NULL REFERENCES "auth_permission" ("id") DEFERRABLE INITIALLY DEFERRED); args=None
CREATE TABLE "auth_user" ("id" integer NOT NULL PRIMARY KEY AUTOINCREMENT, "password" varchar(128) NOT NULL, "last_login" datetime NOT NULL, "is_superuser" bool NOT NULL, "username" varchar(30) NOT NULL UNIQUE, "first_name" varchar(30) NOT NULL, "last_name" varchar(30) NOT NULL, "email" varchar(75) NOT NULL, "is_staff" bool NOT NULL, "is_active" bool NOT NULL, "date_joined" datetime NOT NULL); (params None)
(0.000) CREATE TABLE "auth_user" ("id" integer NOT NULL PRIMARY KEY AUTOINCREMENT, "password" varchar(128) NOT NULL, "last_login" datetime NOT NULL, "is_superuser" bool NOT NULL, "username" varchar(30) NOT NULL UNIQUE, "first_name" varchar(30) NOT NULL, "last_name" varchar(30) NOT NULL, "email" varchar(75) NOT NULL, "is_staff" bool NOT NULL, "is_active" bool NOT NULL, "date_joined" datetime NOT NULL); args=None
CREATE TABLE "auth_user_groups" ("id" integer NOT NULL PRIMARY KEY AUTOINCREMENT, "user_id" integer NOT NULL REFERENCES "auth_user" ("id") DEFERRABLE INITIALLY DEFERRED, "group_id" integer NOT NULL REFERENCES "auth_group" ("id") DEFERRABLE INITIALLY DEFERRED); (params None)
(0.000) CREATE TABLE "auth_user_groups" ("id" integer NOT NULL PRIMARY KEY AUTOINCREMENT, "user_id" integer NOT NULL REFERENCES "auth_user" ("id") DEFERRABLE INITIALLY DEFERRED, "group_id" integer NOT NULL REFERENCES "auth_group" ("id") DEFERRABLE INITIALLY DEFERRED); args=None
CREATE TABLE "auth_user_user_permissions" ("id" integer NOT NULL PRIMARY KEY AUTOINCREMENT, "user_id" integer NOT NULL REFERENCES "auth_user" ("id") DEFERRABLE INITIALLY DEFERRED, "permission_id" integer NOT NULL REFERENCES "auth_permission" ("id") DEFERRABLE INITIALLY DEFERRED); (params None)
(0.000) CREATE TABLE "auth_user_user_permissions" ("id" integer NOT NULL PRIMARY KEY AUTOINCREMENT, "user_id" integer NOT NULL REFERENCES "auth_user" ("id") DEFERRABLE INITIALLY DEFERRED, "permission_id" integer NOT NULL REFERENCES "auth_permission" ("id") DEFERRABLE INITIALLY DEFERRED); args=None
CREATE UNIQUE INDEX "auth_permission_content_type_id_codename_01ab375a_uniq" ON "auth_permission" ("content_type_id", "codename"); (params ())
(0.000) CREATE UNIQUE INDEX "auth_permission_content_type_id_codename_01ab375a_uniq" ON "auth_permission" ("content_type_id", "codename"); args=()
CREATE INDEX "auth_permission_content_type_id_2f476e4b" ON "auth_permission" ("content_type_id"); (params ())
(0.000) CREATE INDEX "auth_permission_content_type_id_2f476e4b" ON "auth_permission" ("content_type_id"); args=()
CREATE UNIQUE INDEX "auth_group_permissions_group_id_permission_id_0cd325b0_uniq" ON "auth_group_permissions" ("group_id", "permission_id"); (params ())
(0.000) CREATE UNIQUE INDEX "auth_group_permissions_group_id_permission_id_0cd325b0_uniq" ON "auth_group_permissions" ("group_id", "permission_id"); args=()
CREATE INDEX "auth_group_permissions_group_id_b120cbf9" ON "auth_group_permissions" ("group_id"); (params ())
(0.000) CREATE INDEX "auth_group_permissions_group_id_b120cbf9" ON "auth_group_permissions" ("group_id"); args=()
CREATE INDEX "auth_group_permissions_permission_id_84c5c92e" ON "auth_group_permissions" ("permission_id"); (params ())
(0.000) CREATE INDEX "auth_group_permissions_permission_id_84c5c92e" ON "auth_group_permissions" ("permission_id"); args=()
CREATE UNIQUE INDEX "auth_user_groups_user_id_group_id_94350c0c_uniq" ON "auth_user_groups" ("user_id", "group_id"); (params ())
(0.000) CREATE UNIQUE INDEX "auth_user_groups_user_id_group_id_94350c0c_uniq" ON "auth_user_groups" ("user_id", "group_id"); args=()
CREATE INDEX "auth_user_groups_user_id_6a12ed8b" ON "auth_user_groups" ("user_id"); (params ())
(0.000) CREATE INDEX "auth_user_groups_user_id_6a12ed8b" ON "auth_user_groups" ("user_id"); args=()
CREATE INDEX "auth_user_groups_group_id_97559544" ON "auth_user_groups" ("group_id"); (params ())
(0.000) CREATE INDEX "auth_user_groups_group_id_97559544" ON "auth_user_groups" ("group_id"); args=()
CREATE UNIQUE INDEX "auth_user_user_permissions_user_id_permission_id_14a6b632_uniq" ON "auth_user_user_permissions" ("user_id", "permission_id"); (params ())
(0.000) CREATE UNIQUE INDEX "auth_user_user_permissions_user_id_permission_id_14a6b632_uniq" ON "auth_user_user_permissions" ("user_id", "permission_id"); args=()
CREATE INDEX "auth_user_user_permissions_user_id_a95ead1b" ON "auth_user_user_permissions" ("user_id"); (params ())
(0.000) CREATE INDEX "auth_user_user_permissions_user_id_a95ead1b" ON "auth_user_user_permissions" ("user_id"); args=()
CREATE INDEX "auth_user_user_permissions_permission_id_1fbb5f2c" ON "auth_user_user_permissions" ("permission_id"); (params ())
(0.000) CREATE INDEX "auth_user_user_permissions_permission_id_1fbb5f2c" ON "auth_user_user_permissions" ("permission_id"); args=()
(0.000) PRAGMA legacy_alter_table = OFF; args=None
(0.000) PRAGMA foreign_keys = ON; args=None
(0.000) 
            SELECT name, type FROM sqlite_master
            WHERE type in ('table', 'view') AND NOT name='sqlite_sequence'
            ORDER BY name; args=None
(0.000) BEGIN; args=None
(0.000) INSERT INTO "django_migrations" ("app", "name", "applied") VALUES ('auth', '0001_initial', '2019-04-12 07:28:05.039009'); args=['auth', '0001_initial', '2019-04-12 07:28:05.039009']
(0.000) PRAGMA foreign_keys = OFF; args=None
(0.000) PRAGMA foreign_keys; args=None
(0.000) PRAGMA legacy_alter_table = ON; args=None
(0.000) BEGIN; args=None
CREATE TABLE "django_admin_log" ("id" integer NOT NULL PRIMARY KEY AUTOINCREMENT, "action_time" datetime NOT NULL, "object_id" text NULL, "object_repr" varchar(200) NOT NULL, "action_flag" smallint unsigned NOT NULL, "change_message" text NOT NULL, "content_type_id" integer NULL REFERENCES "django_content_type" ("id") DEFERRABLE INITIALLY DEFERRED, "user_id" integer NOT NULL REFERENCES "auth_user" ("id") DEFERRABLE INITIALLY DEFERRED); (params None)
(0.001) CREATE TABLE "django_admin_log" ("id" integer NOT NULL PRIMARY KEY AUTOINCREMENT, "action_time" datetime NOT NULL, "object_id" text NULL, "object_repr" varchar(200) NOT NULL, "action_flag" smallint unsigned NOT NULL, "change_message" text NOT NULL, "content_type_id" integer NULL REFERENCES "django_content_type" ("id") DEFERRABLE INITIALLY DEFERRED, "user_id" integer NOT NULL REFERENCES "auth_user" ("id") DEFERRABLE INITIALLY DEFERRED); args=None
CREATE INDEX "django_admin_log_content_type_id_c4bce8eb" ON "django_admin_log" ("content_type_id"); (params ())
(0.000) CREATE INDEX "django_admin_log_content_type_id_c4bce8eb" ON "django_admin_log" ("content_type_id"); args=()
CREATE INDEX "django_admin_log_user_id_c564eba6" ON "django_admin_log" ("user_id"); (params ())
(0.000) CREATE INDEX "django_admin_log_user_id_c564eba6" ON "django_admin_log" ("user_id"); args=()
(0.000) PRAGMA legacy_alter_table = OFF; args=None
(0.000) PRAGMA foreign_keys = ON; args=None
(0.000) 
            SELECT name, type FROM sqlite_master
            WHERE type in ('table', 'view') AND NOT name='sqlite_sequence'
            ORDER BY name; args=None
(0.000) BEGIN; args=None
(0.000) INSERT INTO "django_migrations" ("app", "name", "applied") VALUES ('admin', '0001_initial', '2019-04-12 07:28:05.206481'); args=['admin', '0001_initial', '2019-04-12 07:28:05.206481']
(0.000) PRAGMA foreign_keys = OFF; args=None
(0.000) PRAGMA foreign_keys; args=None
(0.000) PRAGMA legacy_alter_table = ON; args=None
(0.000) BEGIN; args=None
ALTER TABLE "django_admin_log" RENAME TO "django_admin_log__old"; (params ())
(0.001) ALTER TABLE "django_admin_log" RENAME TO "django_admin_log__old"; args=()
CREATE TABLE "django_admin_log" ("id" integer NOT NULL PRIMARY KEY AUTOINCREMENT, "object_id" text NULL, "object_repr" varchar(200) NOT NULL, "action_flag" smallint unsigned NOT NULL, "change_message" text NOT NULL, "content_type_id" integer NULL REFERENCES "django_content_type" ("id") DEFERRABLE INITIALLY DEFERRED, "user_id" integer NOT NULL REFERENCES "auth_user" ("id") DEFERRABLE INITIALLY DEFERRED, "action_time" datetime NOT NULL); (params None)
(0.000) CREATE TABLE "django_admin_log" ("id" integer NOT NULL PRIMARY KEY AUTOINCREMENT, "object_id" text NULL, "object_repr" varchar(200) NOT NULL, "action_flag" smallint unsigned NOT NULL, "change_message" text NOT NULL, "content_type_id" integer NULL REFERENCES "django_content_type" ("id") DEFERRABLE INITIALLY DEFERRED, "user_id" integer NOT NULL REFERENCES "auth_user" ("id") DEFERRABLE INITIALLY DEFERRED, "action_time" datetime NOT NULL); args=None
INSERT INTO "django_admin_log" ("id", "object_id", "object_repr", "action_flag", "change_message", "content_type_id", "user_id", "action_time") SELECT "id", "object_id", "object_repr", "action_flag", "change_message", "content_type_id", "user_id", "action_time" FROM "django_admin_log__old"; (params ())
(0.000) INSERT INTO "django_admin_log" ("id", "object_id", "object_repr", "action_flag", "change_message", "content_type_id", "user_id", "action_time") SELECT "id", "object_id", "object_repr", "action_flag", "change_message", "content_type_id", "user_id", "action_time" FROM "django_admin_log__old"; args=()
DROP TABLE "django_admin_log__old"; (params ())
(0.000) DROP TABLE "django_admin_log__old"; args=()
CREATE INDEX "django_admin_log_content_type_id_c4bce8eb" ON "django_admin_log" ("content_type_id"); (params ())
(0.000) CREATE INDEX "django_admin_log_content_type_id_c4bce8eb" ON "django_admin_log" ("content_type_id"); args=()
CREATE INDEX "django_admin_log_user_id_c564eba6" ON "django_admin_log" ("user_id"); (params ())
(0.000) CREATE INDEX "django_admin_log_user_id_c564eba6" ON "django_admin_log" ("user_id"); args=()
(0.000) PRAGMA legacy_alter_table = OFF; args=None
(0.000) PRAGMA foreign_keys = ON; args=None
(0.000) 
            SELECT name, type FROM sqlite_master
            WHERE type in ('table', 'view') AND NOT name='sqlite_sequence'
            ORDER BY name; args=None
(0.000) BEGIN; args=None
(0.000) INSERT INTO "django_migrations" ("app", "name", "applied") VALUES ('admin', '0002_logentry_remove_auto_add', '2019-04-12 07:28:05.398080'); args=['admin', '0002_logentry_remove_auto_add', '2019-04-12 07:28:05.398080']
(0.000) PRAGMA foreign_keys = OFF; args=None
(0.000) PRAGMA foreign_keys; args=None
(0.000) PRAGMA legacy_alter_table = ON; args=None
(0.000) BEGIN; args=None
ALTER TABLE "django_admin_log" RENAME TO "django_admin_log__old"; (params ())
(0.001) ALTER TABLE "django_admin_log" RENAME TO "django_admin_log__old"; args=()
CREATE TABLE "django_admin_log" ("id" integer NOT NULL PRIMARY KEY AUTOINCREMENT, "action_time" datetime NOT NULL, "object_id" text NULL, "object_repr" varchar(200) NOT NULL, "change_message" text NOT NULL, "content_type_id" integer NULL REFERENCES "django_content_type" ("id") DEFERRABLE INITIALLY DEFERRED, "user_id" integer NOT NULL REFERENCES "auth_user" ("id") DEFERRABLE INITIALLY DEFERRED, "action_flag" smallint unsigned NOT NULL); (params None)
(0.000) CREATE TABLE "django_admin_log" ("id" integer NOT NULL PRIMARY KEY AUTOINCREMENT, "action_time" datetime NOT NULL, "object_id" text NULL, "object_repr" varchar(200) NOT NULL, "change_message" text NOT NULL, "content_type_id" integer NULL REFERENCES "django_content_type" ("id") DEFERRABLE INITIALLY DEFERRED, "user_id" integer NOT NULL REFERENCES "auth_user" ("id") DEFERRABLE INITIALLY DEFERRED, "action_flag" smallint unsigned NOT NULL); args=None
INSERT INTO "django_admin_log" ("id", "action_time", "object_id", "object_repr", "change_message", "content_type_id", "user_id", "action_flag") SELECT "id", "action_time", "object_id", "object_repr", "change_message", "content_type_id", "user_id", "action_flag" FROM "django_admin_log__old"; (params ())
(0.000) INSERT INTO "django_admin_log" ("id", "action_time", "object_id", "object_repr", "change_message", "content_type_id", "user_id", "action_flag") SELECT "id", "action_time", "object_id", "object_repr", "change_message", "content_type_id", "user_id", "action_flag" FROM "django_admin_log__old"; args=()
DROP TABLE "django_admin_log__old"; (params ())
(0.000) DROP TABLE "django_admin_log__old"; args=()
CREATE INDEX "django_admin_log_content_type_id_c4bce8eb" ON "django_admin_log" ("content_type_id"); (params ())
(0.000) CREATE INDEX "django_admin_log_content_type_id_c4bce8eb" ON "django_admin_log" ("content_type_id"); args=()
CREATE INDEX "django_admin_log_user_id_c564eba6" ON "django_admin_log" ("user_id"); (params ())
(0.000) CREATE INDEX "django_admin_log_user_id_c564eba6" ON "django_admin_log" ("user_id"); args=()
(0.000) PRAGMA legacy_alter_table = OFF; args=None
(0.000) PRAGMA foreign_keys = ON; args=None
(0.000) 
            SELECT name, type FROM sqlite_master
            WHERE type in ('table', 'view') AND NOT name='sqlite_sequence'
            ORDER BY name; args=None
(0.000) BEGIN; args=None
(0.000) INSERT INTO "django_migrations" ("app", "name", "applied") VALUES ('admin', '0003_logentry_add_action_flag_choices', '2019-04-12 07:28:05.538946'); args=['admin', '0003_logentry_add_action_flag_choices', '2019-04-12 07:28:05.538946']
(0.000) PRAGMA foreign_keys = OFF; args=None
(0.000) PRAGMA foreign_keys; args=None
(0.000) PRAGMA legacy_alter_table = ON; args=None
(0.000) BEGIN; args=None
ALTER TABLE "django_content_type" RENAME TO "django_content_type__old"; (params ())
(0.001) ALTER TABLE "django_content_type" RENAME TO "django_content_type__old"; args=()
CREATE TABLE "django_content_type" ("id" integer NOT NULL PRIMARY KEY AUTOINCREMENT, "app_label" varchar(100) NOT NULL, "model" varchar(100) NOT NULL, "name" varchar(100) NULL); (params None)
(0.000) CREATE TABLE "django_content_type" ("id" integer NOT NULL PRIMARY KEY AUTOINCREMENT, "app_label" varchar(100) NOT NULL, "model" varchar(100) NOT NULL, "name" varchar(100) NULL); args=None
INSERT INTO "django_content_type" ("id", "app_label", "model", "name") SELECT "id", "app_label", "model", "name" FROM "django_content_type__old"; (params ())
(0.000) INSERT INTO "django_content_type" ("id", "app_label", "model", "name") SELECT "id", "app_label", "model", "name" FROM "django_content_type__old"; args=()
DROP TABLE "django_content_type__old"; (params ())
(0.000) DROP TABLE "django_content_type__old"; args=()
CREATE UNIQUE INDEX "django_content_type_app_label_model_76bd3d3b_uniq" ON "django_content_type" ("app_label", "model"); (params ())
(0.000) CREATE UNIQUE INDEX "django_content_type_app_label_model_76bd3d3b_uniq" ON "django_content_type" ("app_label", "model"); args=()
ALTER TABLE "django_content_type" RENAME TO "django_content_type__old"; (params ())
(0.000) ALTER TABLE "django_content_type" RENAME TO "django_content_type__old"; args=()
CREATE TABLE "django_content_type" ("id" integer NOT NULL PRIMARY KEY AUTOINCREMENT, "app_label" varchar(100) NOT NULL, "model" varchar(100) NOT NULL); (params None)
(0.000) CREATE TABLE "django_content_type" ("id" integer NOT NULL PRIMARY KEY AUTOINCREMENT, "app_label" varchar(100) NOT NULL, "model" varchar(100) NOT NULL); args=None
INSERT INTO "django_content_type" ("id", "app_label", "model") SELECT "id", "app_label", "model" FROM "django_content_type__old"; (params ())
(0.000) INSERT INTO "django_content_type" ("id", "app_label", "model") SELECT "id", "app_label", "model" FROM "django_content_type__old"; args=()
DROP TABLE "django_content_type__old"; (params ())
(0.000) DROP TABLE "django_content_type__old"; args=()
CREATE UNIQUE INDEX "django_content_type_app_label_model_76bd3d3b_uniq" ON "django_content_type" ("app_label", "model"); (params ())
(0.000) CREATE UNIQUE INDEX "django_content_type_app_label_model_76bd3d3b_uniq" ON "django_content_type" ("app_label", "model"); args=()
(0.000) PRAGMA legacy_alter_table = OFF; args=None
(0.000) PRAGMA foreign_keys = ON; args=None
(0.000) 
            SELECT name, type FROM sqlite_master
            WHERE type in ('table', 'view') AND NOT name='sqlite_sequence'
            ORDER BY name; args=None
(0.000) BEGIN; args=None
(0.000) INSERT INTO "django_migrations" ("app", "name", "applied") VALUES ('contenttypes', '0002_remove_content_type_name', '2019-04-12 07:28:05.705176'); args=['contenttypes', '0002_remove_content_type_name', '2019-04-12 07:28:05.705176']
(0.000) PRAGMA foreign_keys = OFF; args=None
(0.000) PRAGMA foreign_keys; args=None
(0.000) PRAGMA legacy_alter_table = ON; args=None
(0.000) BEGIN; args=None
ALTER TABLE "auth_permission" RENAME TO "auth_permission__old"; (params ())
(0.001) ALTER TABLE "auth_permission" RENAME TO "auth_permission__old"; args=()
CREATE TABLE "auth_permission" ("id" integer NOT NULL PRIMARY KEY AUTOINCREMENT, "content_type_id" integer NOT NULL REFERENCES "django_content_type" ("id") DEFERRABLE INITIALLY DEFERRED, "codename" varchar(100) NOT NULL, "name" varchar(255) NOT NULL); (params None)
(0.000) CREATE TABLE "auth_permission" ("id" integer NOT NULL PRIMARY KEY AUTOINCREMENT, "content_type_id" integer NOT NULL REFERENCES "django_content_type" ("id") DEFERRABLE INITIALLY DEFERRED, "codename" varchar(100) NOT NULL, "name" varchar(255) NOT NULL); args=None
INSERT INTO "auth_permission" ("id", "content_type_id", "codename", "name") SELECT "id", "content_type_id", "codename", "name" FROM "auth_permission__old"; (params ())
(0.000) INSERT INTO "auth_permission" ("id", "content_type_id", "codename", "name") SELECT "id", "content_type_id", "codename", "name" FROM "auth_permission__old"; args=()
DROP TABLE "auth_permission__old"; (params ())
(0.000) DROP TABLE "auth_permission__old"; args=()
CREATE UNIQUE INDEX "auth_permission_content_type_id_codename_01ab375a_uniq" ON "auth_permission" ("content_type_id", "codename"); (params ())
(0.000) CREATE UNIQUE INDEX "auth_permission_content_type_id_codename_01ab375a_uniq" ON "auth_permission" ("content_type_id", "codename"); args=()
CREATE INDEX "auth_permission_content_type_id_2f476e4b" ON "auth_permission" ("content_type_id"); (params ())
(0.000) CREATE INDEX "auth_permission_content_type_id_2f476e4b" ON "auth_permission" ("content_type_id"); args=()
(0.000) PRAGMA legacy_alter_table = OFF; args=None
(0.000) PRAGMA foreign_keys = ON; args=None
(0.000) 
            SELECT name, type FROM sqlite_master
            WHERE type in ('table', 'view') AND NOT name='sqlite_sequence'
            ORDER BY name; args=None
(0.000) BEGIN; args=None
(0.000) INSERT INTO "django_migrations" ("app", "name", "applied") VALUES ('auth', '0002_alter_permission_name_max_length', '2019-04-12 07:28:05.831216'); args=['auth', '0002_alter_permission_name_max_length', '2019-04-12 07:28:05.831216']
(0.000) PRAGMA foreign_keys = OFF; args=None
(0.000) PRAGMA foreign_keys; args=None
(0.000) PRAGMA legacy_alter_table = ON; args=None
(0.000) BEGIN; args=None
ALTER TABLE "auth_user" RENAME TO "auth_user__old"; (params ())
(0.001) ALTER TABLE "auth_user" RENAME TO "auth_user__old"; args=()
CREATE TABLE "auth_user" ("id" integer NOT NULL PRIMARY KEY AUTOINCREMENT, "password" varchar(128) NOT NULL, "last_login" datetime NOT NULL, "is_superuser" bool NOT NULL, "username" varchar(30) NOT NULL UNIQUE, "first_name" varchar(30) NOT NULL, "last_name" varchar(30) NOT NULL, "is_staff" bool NOT NULL, "is_active" bool NOT NULL, "date_joined" datetime NOT NULL, "email" varchar(254) NOT NULL); (params None)
(0.000) CREATE TABLE "auth_user" ("id" integer NOT NULL PRIMARY KEY AUTOINCREMENT, "password" varchar(128) NOT NULL, "last_login" datetime NOT NULL, "is_superuser" bool NOT NULL, "username" varchar(30) NOT NULL UNIQUE, "first_name" varchar(30) NOT NULL, "last_name" varchar(30) NOT NULL, "is_staff" bool NOT NULL, "is_active" bool NOT NULL, "date_joined" datetime NOT NULL, "email" varchar(254) NOT NULL); args=None
INSERT INTO "auth_user" ("id", "password", "last_login", "is_superuser", "username", "first_name", "last_name", "is_staff", "is_active", "date_joined", "email") SELECT "id", "password", "last_login", "is_superuser", "username", "first_name", "last_name", "is_staff", "is_active", "date_joined", "email" FROM "auth_user__old"; (params ())
(0.000) INSERT INTO "auth_user" ("id", "password", "last_login", "is_superuser", "username", "first_name", "last_name", "is_staff", "is_active", "date_joined", "email") SELECT "id", "password", "last_login", "is_superuser", "username", "first_name", "last_name", "is_staff", "is_active", "date_joined", "email" FROM "auth_user__old"; args=()
DROP TABLE "auth_user__old"; (params ())
(0.000) DROP TABLE "auth_user__old"; args=()
(0.000) PRAGMA legacy_alter_table = OFF; args=None
(0.000) PRAGMA foreign_keys = ON; args=None
(0.000) 
            SELECT name, type FROM sqlite_master
            WHERE type in ('table', 'view') AND NOT name='sqlite_sequence'
            ORDER BY name; args=None
(0.000) BEGIN; args=None
(0.000) INSERT INTO "django_migrations" ("app", "name", "applied") VALUES ('auth', '0003_alter_user_email_max_length', '2019-04-12 07:28:06.035566'); args=['auth', '0003_alter_user_email_max_length', '2019-04-12 07:28:06.035566']
(0.000) PRAGMA foreign_keys = OFF; args=None
(0.000) PRAGMA foreign_keys; args=None
(0.000) PRAGMA legacy_alter_table = ON; args=None
(0.000) BEGIN; args=None
ALTER TABLE "auth_user" RENAME TO "auth_user__old"; (params ())
(0.001) ALTER TABLE "auth_user" RENAME TO "auth_user__old"; args=()
CREATE TABLE "auth_user" ("id" integer NOT NULL PRIMARY KEY AUTOINCREMENT, "password" varchar(128) NOT NULL, "last_login" datetime NOT NULL, "is_superuser" bool NOT NULL, "first_name" varchar(30) NOT NULL, "last_name" varchar(30) NOT NULL, "email" varchar(254) NOT NULL, "is_staff" bool NOT NULL, "is_active" bool NOT NULL, "date_joined" datetime NOT NULL, "username" varchar(30) NOT NULL UNIQUE); (params None)
(0.000) CREATE TABLE "auth_user" ("id" integer NOT NULL PRIMARY KEY AUTOINCREMENT, "password" varchar(128) NOT NULL, "last_login" datetime NOT NULL, "is_superuser" bool NOT NULL, "first_name" varchar(30) NOT NULL, "last_name" varchar(30) NOT NULL, "email" varchar(254) NOT NULL, "is_staff" bool NOT NULL, "is_active" bool NOT NULL, "date_joined" datetime NOT NULL, "username" varchar(30) NOT NULL UNIQUE); args=None
INSERT INTO "auth_user" ("id", "password", "last_login", "is_superuser", "first_name", "last_name", "email", "is_staff", "is_active", "date_joined", "username") SELECT "id", "password", "last_login", "is_superuser", "first_name", "last_name", "email", "is_staff", "is_active", "date_joined", "username" FROM "auth_user__old"; (params ())
(0.000) INSERT INTO "auth_user" ("id", "password", "last_login", "is_superuser", "first_name", "last_name", "email", "is_staff", "is_active", "date_joined", "username") SELECT "id", "password", "last_login", "is_superuser", "first_name", "last_name", "email", "is_staff", "is_active", "date_joined", "username" FROM "auth_user__old"; args=()
DROP TABLE "auth_user__old"; (params ())
(0.000) DROP TABLE "auth_user__old"; args=()
(0.000) PRAGMA legacy_alter_table = OFF; args=None
(0.000) PRAGMA foreign_keys = ON; args=None
(0.000) 
            SELECT name, type FROM sqlite_master
            WHERE type in ('table', 'view') AND NOT name='sqlite_sequence'
            ORDER BY name; args=None
(0.000) BEGIN; args=None
(0.000) INSERT INTO "django_migrations" ("app", "name", "applied") VALUES ('auth', '0004_alter_user_username_opts', '2019-04-12 07:28:06.213678'); args=['auth', '0004_alter_user_username_opts', '2019-04-12 07:28:06.213678']
(0.000) PRAGMA foreign_keys = OFF; args=None
(0.000) PRAGMA foreign_keys; args=None
(0.000) PRAGMA legacy_alter_table = ON; args=None
(0.000) BEGIN; args=None
ALTER TABLE "auth_user" RENAME TO "auth_user__old"; (params ())
(0.001) ALTER TABLE "auth_user" RENAME TO "auth_user__old"; args=()
CREATE TABLE "auth_user" ("id" integer NOT NULL PRIMARY KEY AUTOINCREMENT, "password" varchar(128) NOT NULL, "is_superuser" bool NOT NULL, "username" varchar(30) NOT NULL UNIQUE, "first_name" varchar(30) NOT NULL, "last_name" varchar(30) NOT NULL, "email" varchar(254) NOT NULL, "is_staff" bool NOT NULL, "is_active" bool NOT NULL, "date_joined" datetime NOT NULL, "last_login" datetime NULL); (params None)
(0.000) CREATE TABLE "auth_user" ("id" integer NOT NULL PRIMARY KEY AUTOINCREMENT, "password" varchar(128) NOT NULL, "is_superuser" bool NOT NULL, "username" varchar(30) NOT NULL UNIQUE, "first_name" varchar(30) NOT NULL, "last_name" varchar(30) NOT NULL, "email" varchar(254) NOT NULL, "is_staff" bool NOT NULL, "is_active" bool NOT NULL, "date_joined" datetime NOT NULL, "last_login" datetime NULL); args=None
INSERT INTO "auth_user" ("id", "password", "is_superuser", "username", "first_name", "last_name", "email", "is_staff", "is_active", "date_joined", "last_login") SELECT "id", "password", "is_superuser", "username", "first_name", "last_name", "email", "is_staff", "is_active", "date_joined", "last_login" FROM "auth_user__old"; (params ())
(0.000) INSERT INTO "auth_user" ("id", "password", "is_superuser", "username", "first_name", "last_name", "email", "is_staff", "is_active", "date_joined", "last_login") SELECT "id", "password", "is_superuser", "username", "first_name", "last_name", "email", "is_staff", "is_active", "date_joined", "last_login" FROM "auth_user__old"; args=()
DROP TABLE "auth_user__old"; (params ())
(0.000) DROP TABLE "auth_user__old"; args=()
(0.000) PRAGMA legacy_alter_table = OFF; args=None
(0.000) PRAGMA foreign_keys = ON; args=None
(0.000) 
            SELECT name, type FROM sqlite_master
            WHERE type in ('table', 'view') AND NOT name='sqlite_sequence'
            ORDER BY name; args=None
(0.000) BEGIN; args=None
(0.000) INSERT INTO "django_migrations" ("app", "name", "applied") VALUES ('auth', '0005_alter_user_last_login_null', '2019-04-12 07:28:06.391503'); args=['auth', '0005_alter_user_last_login_null', '2019-04-12 07:28:06.391503']
(0.000) PRAGMA foreign_keys = OFF; args=None
(0.000) PRAGMA foreign_keys; args=None
(0.000) PRAGMA legacy_alter_table = ON; args=None
(0.000) BEGIN; args=None
(0.000) PRAGMA legacy_alter_table = OFF; args=None
(0.000) PRAGMA foreign_keys = ON; args=None
(0.000) 
            SELECT name, type FROM sqlite_master
            WHERE type in ('table', 'view') AND NOT name='sqlite_sequence'
            ORDER BY name; args=None
(0.000) BEGIN; args=None
(0.000) INSERT INTO "django_migrations" ("app", "name", "applied") VALUES ('auth', '0006_require_contenttypes_0002', '2019-04-12 07:28:06.460077'); args=['auth', '0006_require_contenttypes_0002', '2019-04-12 07:28:06.460077']
(0.000) PRAGMA foreign_keys = OFF; args=None
(0.000) PRAGMA foreign_keys; args=None
(0.000) PRAGMA legacy_alter_table = ON; args=None
(0.000) BEGIN; args=None
ALTER TABLE "auth_user" RENAME TO "auth_user__old"; (params ())
(0.000) ALTER TABLE "auth_user" RENAME TO "auth_user__old"; args=()
CREATE TABLE "auth_user" ("id" integer NOT NULL PRIMARY KEY AUTOINCREMENT, "password" varchar(128) NOT NULL, "last_login" datetime NULL, "is_superuser" bool NOT NULL, "first_name" varchar(30) NOT NULL, "last_name" varchar(30) NOT NULL, "email" varchar(254) NOT NULL, "is_staff" bool NOT NULL, "is_active" bool NOT NULL, "date_joined" datetime NOT NULL, "username" varchar(30) NOT NULL UNIQUE); (params None)
(0.000) CREATE TABLE "auth_user" ("id" integer NOT NULL PRIMARY KEY AUTOINCREMENT, "password" varchar(128) NOT NULL, "last_login" datetime NULL, "is_superuser" bool NOT NULL, "first_name" varchar(30) NOT NULL, "last_name" varchar(30) NOT NULL, "email" varchar(254) NOT NULL, "is_staff" bool NOT NULL, "is_active" bool NOT NULL, "date_joined" datetime NOT NULL, "username" varchar(30) NOT NULL UNIQUE); args=None
INSERT INTO "auth_user" ("id", "password", "last_login", "is_superuser", "first_name", "last_name", "email", "is_staff", "is_active", "date_joined", "username") SELECT "id", "password", "last_login", "is_superuser", "first_name", "last_name", "email", "is_staff", "is_active", "date_joined", "username" FROM "auth_user__old"; (params ())
(0.000) INSERT INTO "auth_user" ("id", "password", "last_login", "is_superuser", "first_name", "last_name", "email", "is_staff", "is_active", "date_joined", "username") SELECT "id", "password", "last_login", "is_superuser", "first_name", "last_name", "email", "is_staff", "is_active", "date_joined", "username" FROM "auth_user__old"; args=()
DROP TABLE "auth_user__old"; (params ())
(0.000) DROP TABLE "auth_user__old"; args=()
(0.000) PRAGMA legacy_alter_table = OFF; args=None
(0.000) PRAGMA foreign_keys = ON; args=None
(0.000) 
            SELECT name, type FROM sqlite_master
            WHERE type in ('table', 'view') AND NOT name='sqlite_sequence'
            ORDER BY name; args=None
(0.000) BEGIN; args=None
(0.000) INSERT INTO "django_migrations" ("app", "name", "applied") VALUES ('auth', '0007_alter_validators_add_error_messages', '2019-04-12 07:28:06.571849'); args=['auth', '0007_alter_validators_add_error_messages', '2019-04-12 07:28:06.571849']
(0.000) PRAGMA foreign_keys = OFF; args=None
(0.000) PRAGMA foreign_keys; args=None
(0.000) PRAGMA legacy_alter_table = ON; args=None
(0.000) BEGIN; args=None
ALTER TABLE "auth_user" RENAME TO "auth_user__old"; (params ())
(0.001) ALTER TABLE "auth_user" RENAME TO "auth_user__old"; args=()
CREATE TABLE "auth_user" ("id" integer NOT NULL PRIMARY KEY AUTOINCREMENT, "password" varchar(128) NOT NULL, "last_login" datetime NULL, "is_superuser" bool NOT NULL, "first_name" varchar(30) NOT NULL, "last_name" varchar(30) NOT NULL, "email" varchar(254) NOT NULL, "is_staff" bool NOT NULL, "is_active" bool NOT NULL, "date_joined" datetime NOT NULL, "username" varchar(150) NOT NULL UNIQUE); (params None)
(0.000) CREATE TABLE "auth_user" ("id" integer NOT NULL PRIMARY KEY AUTOINCREMENT, "password" varchar(128) NOT NULL, "last_login" datetime NULL, "is_superuser" bool NOT NULL, "first_name" varchar(30) NOT NULL, "last_name" varchar(30) NOT NULL, "email" varchar(254) NOT NULL, "is_staff" bool NOT NULL, "is_active" bool NOT NULL, "date_joined" datetime NOT NULL, "username" varchar(150) NOT NULL UNIQUE); args=None
INSERT INTO "auth_user" ("id", "password", "last_login", "is_superuser", "first_name", "last_name", "email", "is_staff", "is_active", "date_joined", "username") SELECT "id", "password", "last_login", "is_superuser", "first_name", "last_name", "email", "is_staff", "is_active", "date_joined", "username" FROM "auth_user__old"; (params ())
(0.000) INSERT INTO "auth_user" ("id", "password", "last_login", "is_superuser", "first_name", "last_name", "email", "is_staff", "is_active", "date_joined", "username") SELECT "id", "password", "last_login", "is_superuser", "first_name", "last_name", "email", "is_staff", "is_active", "date_joined", "username" FROM "auth_user__old"; args=()
DROP TABLE "auth_user__old"; (params ())
(0.000) DROP TABLE "auth_user__old"; args=()
(0.000) PRAGMA legacy_alter_table = OFF; args=None
(0.000) PRAGMA foreign_keys = ON; args=None
(0.000) 
            SELECT name, type FROM sqlite_master
            WHERE type in ('table', 'view') AND NOT name='sqlite_sequence'
            ORDER BY name; args=None
(0.000) BEGIN; args=None
(0.000) INSERT INTO "django_migrations" ("app", "name", "applied") VALUES ('auth', '0008_alter_user_username_max_length', '2019-04-12 07:28:06.739758'); args=['auth', '0008_alter_user_username_max_length', '2019-04-12 07:28:06.739758']
(0.000) PRAGMA foreign_keys = OFF; args=None
(0.000) PRAGMA foreign_keys; args=None
(0.000) PRAGMA legacy_alter_table = ON; args=None
(0.000) BEGIN; args=None
ALTER TABLE "auth_user" RENAME TO "auth_user__old"; (params ())
(0.001) ALTER TABLE "auth_user" RENAME TO "auth_user__old"; args=()
CREATE TABLE "auth_user" ("id" integer NOT NULL PRIMARY KEY AUTOINCREMENT, "password" varchar(128) NOT NULL, "last_login" datetime NULL, "is_superuser" bool NOT NULL, "username" varchar(150) NOT NULL UNIQUE, "first_name" varchar(30) NOT NULL, "email" varchar(254) NOT NULL, "is_staff" bool NOT NULL, "is_active" bool NOT NULL, "date_joined" datetime NOT NULL, "last_name" varchar(150) NOT NULL); (params None)
(0.000) CREATE TABLE "auth_user" ("id" integer NOT NULL PRIMARY KEY AUTOINCREMENT, "password" varchar(128) NOT NULL, "last_login" datetime NULL, "is_superuser" bool NOT NULL, "username" varchar(150) NOT NULL UNIQUE, "first_name" varchar(30) NOT NULL, "email" varchar(254) NOT NULL, "is_staff" bool NOT NULL, "is_active" bool NOT NULL, "date_joined" datetime NOT NULL, "last_name" varchar(150) NOT NULL); args=None
INSERT INTO "auth_user" ("id", "password", "last_login", "is_superuser", "username", "first_name", "email", "is_staff", "is_active", "date_joined", "last_name") SELECT "id", "password", "last_login", "is_superuser", "username", "first_name", "email", "is_staff", "is_active", "date_joined", "last_name" FROM "auth_user__old"; (params ())
(0.000) INSERT INTO "auth_user" ("id", "password", "last_login", "is_superuser", "username", "first_name", "email", "is_staff", "is_active", "date_joined", "last_name") SELECT "id", "password", "last_login", "is_superuser", "username", "first_name", "email", "is_staff", "is_active", "date_joined", "last_name" FROM "auth_user__old"; args=()
DROP TABLE "auth_user__old"; (params ())
(0.000) DROP TABLE "auth_user__old"; args=()
(0.000) PRAGMA legacy_alter_table = OFF; args=None
(0.000) PRAGMA foreign_keys = ON; args=None
(0.000) 
            SELECT name, type FROM sqlite_master
            WHERE type in ('table', 'view') AND NOT name='sqlite_sequence'
            ORDER BY name; args=None
(0.000) BEGIN; args=None
(0.000) INSERT INTO "django_migrations" ("app", "name", "applied") VALUES ('auth', '0009_alter_user_last_name_max_length', '2019-04-12 07:28:06.889012'); args=['auth', '0009_alter_user_last_name_max_length', '2019-04-12 07:28:06.889012']
(0.000) PRAGMA foreign_keys = OFF; args=None
(0.000) PRAGMA foreign_keys; args=None
(0.000) PRAGMA legacy_alter_table = ON; args=None
(0.000) BEGIN; args=None
CREATE TABLE "django_session" ("session_key" varchar(40) NOT NULL PRIMARY KEY, "session_data" text NOT NULL, "expire_date" datetime NOT NULL); (params None)
(0.001) CREATE TABLE "django_session" ("session_key" varchar(40) NOT NULL PRIMARY KEY, "session_data" text NOT NULL, "expire_date" datetime NOT NULL); args=None
CREATE INDEX "django_session_expire_date_a5c62663" ON "django_session" ("expire_date"); (params ())
(0.000) CREATE INDEX "django_session_expire_date_a5c62663" ON "django_session" ("expire_date"); args=()
(0.000) PRAGMA legacy_alter_table = OFF; args=None
(0.000) PRAGMA foreign_keys = ON; args=None
(0.000) 
            SELECT name, type FROM sqlite_master
            WHERE type in ('table', 'view') AND NOT name='sqlite_sequence'
            ORDER BY name; args=None
(0.000) BEGIN; args=None
(0.000) INSERT INTO "django_migrations" ("app", "name", "applied") VALUES ('sessions', '0001_initial', '2019-04-12 07:28:07.065018'); args=['sessions', '0001_initial', '2019-04-12 07:28:07.065018']
(0.000) PRAGMA foreign_keys = OFF; args=None
(0.000) PRAGMA foreign_keys; args=None
(0.000) PRAGMA legacy_alter_table = ON; args=None
(0.000) BEGIN; args=None
CREATE TABLE "user_user" ("id" integer NOT NULL PRIMARY KEY AUTOINCREMENT, "account" varchar(60) NOT NULL, "password" varchar(60) NOT NULL); (params None)
(0.001) CREATE TABLE "user_user" ("id" integer NOT NULL PRIMARY KEY AUTOINCREMENT, "account" varchar(60) NOT NULL, "password" varchar(60) NOT NULL); args=None
(0.000) PRAGMA legacy_alter_table = OFF; args=None
(0.000) PRAGMA foreign_keys = ON; args=None
(0.000) 
            SELECT name, type FROM sqlite_master
            WHERE type in ('table', 'view') AND NOT name='sqlite_sequence'
            ORDER BY name; args=None
(0.000) BEGIN; args=None
(0.000) INSERT INTO "django_migrations" ("app", "name", "applied") VALUES ('user', '0001_initial', '2019-04-12 07:28:07.240481'); args=['user', '0001_initial', '2019-04-12 07:28:07.240481']
(0.000) 
            SELECT name, type FROM sqlite_master
            WHERE type in ('table', 'view') AND NOT name='sqlite_sequence'
            ORDER BY name; args=None
(0.000) SELECT "django_migrations"."app", "django_migrations"."name" FROM "django_migrations"; args=()
(0.000) SELECT "django_content_type"."id", "django_content_type"."app_label", "django_content_type"."model" FROM "django_content_type" WHERE ("django_content_type"."app_label" = 'admin' AND "django_content_type"."model" = 'logentry'); args=('admin', 'logentry')
(0.000) SELECT "django_content_type"."id", "django_content_type"."app_label", "django_content_type"."model" FROM "django_content_type" WHERE ("django_content_type"."app_label" = 'admin' AND "django_content_type"."model" = 'logentry'); args=('admin', 'logentry')
(0.000) BEGIN; args=None
(0.000) INSERT INTO "django_content_type" ("app_label", "model") VALUES ('admin', 'logentry'); args=['admin', 'logentry']
(0.000) SELECT "auth_permission"."content_type_id", "auth_permission"."codename" FROM "auth_permission" INNER JOIN "django_content_type" ON ("auth_permission"."content_type_id" = "django_content_type"."id") WHERE "auth_permission"."content_type_id" IN (1) ORDER BY "django_content_type"."app_label" ASC, "django_content_type"."model" ASC, "auth_permission"."codename" ASC; args=(1,)
(0.000) BEGIN; args=None
(0.001) INSERT INTO "auth_permission" ("name", "content_type_id", "codename") SELECT 'Can add log entry', 1, 'add_logentry' UNION ALL SELECT 'Can change log entry', 1, 'change_logentry' UNION ALL SELECT 'Can delete log entry', 1, 'delete_logentry' UNION ALL SELECT 'Can view log entry', 1, 'view_logentry'; args=('Can add log entry', 1, 'add_logentry', 'Can change log entry', 1, 'change_logentry', 'Can delete log entry', 1, 'delete_logentry', 'Can view log entry', 1, 'view_logentry')
(0.000) SELECT "django_content_type"."id", "django_content_type"."app_label", "django_content_type"."model" FROM "django_content_type" WHERE "django_content_type"."app_label" = 'admin'; args=('admin',)
(0.000) SELECT "django_content_type"."id", "django_content_type"."app_label", "django_content_type"."model" FROM "django_content_type" WHERE ("django_content_type"."app_label" = 'auth' AND "django_content_type"."model" = 'permission'); args=('auth', 'permission')
(0.000) SELECT "django_content_type"."id", "django_content_type"."app_label", "django_content_type"."model" FROM "django_content_type" WHERE ("django_content_type"."app_label" = 'auth' AND "django_content_type"."model" = 'permission'); args=('auth', 'permission')
(0.000) BEGIN; args=None
(0.000) INSERT INTO "django_content_type" ("app_label", "model") VALUES ('auth', 'permission'); args=['auth', 'permission']
(0.000) SELECT "django_content_type"."id", "django_content_type"."app_label", "django_content_type"."model" FROM "django_content_type" WHERE ("django_content_type"."app_label" = 'auth' AND "django_content_type"."model" = 'group'); args=('auth', 'group')
(0.000) SELECT "django_content_type"."id", "django_content_type"."app_label", "django_content_type"."model" FROM "django_content_type" WHERE ("django_content_type"."app_label" = 'auth' AND "django_content_type"."model" = 'group'); args=('auth', 'group')
(0.000) BEGIN; args=None
(0.000) INSERT INTO "django_content_type" ("app_label", "model") VALUES ('auth', 'group'); args=['auth', 'group']
(0.000) SELECT "django_content_type"."id", "django_content_type"."app_label", "django_content_type"."model" FROM "django_content_type" WHERE ("django_content_type"."app_label" = 'auth' AND "django_content_type"."model" = 'user'); args=('auth', 'user')
(0.000) SELECT "django_content_type"."id", "django_content_type"."app_label", "django_content_type"."model" FROM "django_content_type" WHERE ("django_content_type"."app_label" = 'auth' AND "django_content_type"."model" = 'user'); args=('auth', 'user')
(0.000) BEGIN; args=None
(0.000) INSERT INTO "django_content_type" ("app_label", "model") VALUES ('auth', 'user'); args=['auth', 'user']
(0.000) SELECT "auth_permission"."content_type_id", "auth_permission"."codename" FROM "auth_permission" INNER JOIN "django_content_type" ON ("auth_permission"."content_type_id" = "django_content_type"."id") WHERE "auth_permission"."content_type_id" IN (2, 3, 4) ORDER BY "django_content_type"."app_label" ASC, "django_content_type"."model" ASC, "auth_permission"."codename" ASC; args=(2, 3, 4)
(0.000) BEGIN; args=None
(0.001) INSERT INTO "auth_permission" ("name", "content_type_id", "codename") SELECT 'Can add permission', 2, 'add_permission' UNION ALL SELECT 'Can change permission', 2, 'change_permission' UNION ALL SELECT 'Can delete permission', 2, 'delete_permission' UNION ALL SELECT 'Can view permission', 2, 'view_permission' UNION ALL SELECT 'Can add group', 3, 'add_group' UNION ALL SELECT 'Can change group', 3, 'change_group' UNION ALL SELECT 'Can delete group', 3, 'delete_group' UNION ALL SELECT 'Can view group', 3, 'view_group' UNION ALL SELECT 'Can add user', 4, 'add_user' UNION ALL SELECT 'Can change user', 4, 'change_user' UNION ALL SELECT 'Can delete user', 4, 'delete_user' UNION ALL SELECT 'Can view user', 4, 'view_user'; args=('Can add permission', 2, 'add_permission', 'Can change permission', 2, 'change_permission', 'Can delete permission', 2, 'delete_permission', 'Can view permission', 2, 'view_permission', 'Can add group', 3, 'add_group', 'Can change group', 3, 'change_group', 'Can delete group', 3, 'delete_group', 'Can view group', 3, 'view_group', 'Can add user', 4, 'add_user', 'Can change user', 4, 'change_user', 'Can delete user', 4, 'delete_user', 'Can view user', 4, 'view_user')
(0.000) SELECT "django_content_type"."id", "django_content_type"."app_label", "django_content_type"."model" FROM "django_content_type" WHERE "django_content_type"."app_label" = 'auth'; args=('auth',)
(0.000) SELECT "django_content_type"."id", "django_content_type"."app_label", "django_content_type"."model" FROM "django_content_type" WHERE ("django_content_type"."app_label" = 'contenttypes' AND "django_content_type"."model" = 'contenttype'); args=('contenttypes', 'contenttype')
(0.000) SELECT "django_content_type"."id", "django_content_type"."app_label", "django_content_type"."model" FROM "django_content_type" WHERE ("django_content_type"."app_label" = 'contenttypes' AND "django_content_type"."model" = 'contenttype'); args=('contenttypes', 'contenttype')
(0.000) BEGIN; args=None
(0.000) INSERT INTO "django_content_type" ("app_label", "model") VALUES ('contenttypes', 'contenttype'); args=['contenttypes', 'contenttype']
(0.000) SELECT "auth_permission"."content_type_id", "auth_permission"."codename" FROM "auth_permission" INNER JOIN "django_content_type" ON ("auth_permission"."content_type_id" = "django_content_type"."id") WHERE "auth_permission"."content_type_id" IN (5) ORDER BY "django_content_type"."app_label" ASC, "django_content_type"."model" ASC, "auth_permission"."codename" ASC; args=(5,)
(0.000) BEGIN; args=None
(0.000) INSERT INTO "auth_permission" ("name", "content_type_id", "codename") SELECT 'Can add content type', 5, 'add_contenttype' UNION ALL SELECT 'Can change content type', 5, 'change_contenttype' UNION ALL SELECT 'Can delete content type', 5, 'delete_contenttype' UNION ALL SELECT 'Can view content type', 5, 'view_contenttype'; args=('Can add content type', 5, 'add_contenttype', 'Can change content type', 5, 'change_contenttype', 'Can delete content type', 5, 'delete_contenttype', 'Can view content type', 5, 'view_contenttype')
(0.000) SELECT "django_content_type"."id", "django_content_type"."app_label", "django_content_type"."model" FROM "django_content_type" WHERE "django_content_type"."app_label" = 'contenttypes'; args=('contenttypes',)
(0.000) SELECT "django_content_type"."id", "django_content_type"."app_label", "django_content_type"."model" FROM "django_content_type" WHERE ("django_content_type"."app_label" = 'sessions' AND "django_content_type"."model" = 'session'); args=('sessions', 'session')
(0.000) SELECT "django_content_type"."id", "django_content_type"."app_label", "django_content_type"."model" FROM "django_content_type" WHERE ("django_content_type"."app_label" = 'sessions' AND "django_content_type"."model" = 'session'); args=('sessions', 'session')
(0.000) BEGIN; args=None
(0.000) INSERT INTO "django_content_type" ("app_label", "model") VALUES ('sessions', 'session'); args=['sessions', 'session']
(0.000) SELECT "auth_permission"."content_type_id", "auth_permission"."codename" FROM "auth_permission" INNER JOIN "django_content_type" ON ("auth_permission"."content_type_id" = "django_content_type"."id") WHERE "auth_permission"."content_type_id" IN (6) ORDER BY "django_content_type"."app_label" ASC, "django_content_type"."model" ASC, "auth_permission"."codename" ASC; args=(6,)
(0.000) BEGIN; args=None
(0.000) INSERT INTO "auth_permission" ("name", "content_type_id", "codename") SELECT 'Can add session', 6, 'add_session' UNION ALL SELECT 'Can change session', 6, 'change_session' UNION ALL SELECT 'Can delete session', 6, 'delete_session' UNION ALL SELECT 'Can view session', 6, 'view_session'; args=('Can add session', 6, 'add_session', 'Can change session', 6, 'change_session', 'Can delete session', 6, 'delete_session', 'Can view session', 6, 'view_session')
(0.000) SELECT "django_content_type"."id", "django_content_type"."app_label", "django_content_type"."model" FROM "django_content_type" WHERE "django_content_type"."app_label" = 'sessions'; args=('sessions',)
(0.000) SELECT "django_content_type"."id", "django_content_type"."app_label", "django_content_type"."model" FROM "django_content_type" WHERE ("django_content_type"."app_label" = 'user' AND "django_content_type"."model" = 'user'); args=('user', 'user')
(0.000) SELECT "django_content_type"."id", "django_content_type"."app_label", "django_content_type"."model" FROM "django_content_type" WHERE ("django_content_type"."app_label" = 'user' AND "django_content_type"."model" = 'user'); args=('user', 'user')
(0.000) BEGIN; args=None
(0.000) INSERT INTO "django_content_type" ("app_label", "model") VALUES ('user', 'user'); args=['user', 'user']
(0.000) SELECT "auth_permission"."content_type_id", "auth_permission"."codename" FROM "auth_permission" INNER JOIN "django_content_type" ON ("auth_permission"."content_type_id" = "django_content_type"."id") WHERE "auth_permission"."content_type_id" IN (7) ORDER BY "django_content_type"."app_label" ASC, "django_content_type"."model" ASC, "auth_permission"."codename" ASC; args=(7,)
(0.000) BEGIN; args=None
(0.000) INSERT INTO "auth_permission" ("name", "content_type_id", "codename") SELECT 'Can add user', 7, 'add_user' UNION ALL SELECT 'Can change user', 7, 'change_user' UNION ALL SELECT 'Can delete user', 7, 'delete_user' UNION ALL SELECT 'Can view user', 7, 'view_user'; args=('Can add user', 7, 'add_user', 'Can change user', 7, 'change_user', 'Can delete user', 7, 'delete_user', 'Can view user', 7, 'view_user')
(0.000) SELECT "django_content_type"."id", "django_content_type"."app_label", "django_content_type"."model" FROM "django_content_type" WHERE "django_content_type"."app_label" = 'user'; args=('user',)
(0.000) 
            SELECT name, type FROM sqlite_master
            WHERE type in ('table', 'view') AND NOT name='sqlite_sequence'
            ORDER BY name; args=None
(0.000) SELECT "django_migrations"."app", "django_migrations"."name" FROM "django_migrations"; args=()
"GET / HTTP/1.1" 200 62
"GET / HTTP/1.1" 200 62
"GET /accounts/register/ HTTP/1.1" 200 566
"POST / HTTP/1.1" 200 62
"GET /accounts/register/ HTTP/1.1" 200 566
"POST / HTTP/1.1" 200 62
(0.000) 
            SELECT name, type FROM sqlite_master
            WHERE type in ('table', 'view') AND NOT name='sqlite_sequence'
            ORDER BY name; args=None
(0.000) SELECT "django_migrations"."app", "django_migrations"."name" FROM "django_migrations"; args=()
"POST / HTTP/1.1" 200 62
"GET /accounts/register/ HTTP/1.1" 200 566
"POST / HTTP/1.1" 200 62
(0.000) 
            SELECT name, type FROM sqlite_master
            WHERE type in ('table', 'view') AND NOT name='sqlite_sequence'
            ORDER BY name; args=None
(0.000) SELECT "django_migrations"."app", "django_migrations"."name" FROM "django_migrations"; args=()
"GET /accounts/register/ HTTP/1.1" 200 566
"POST / HTTP/1.1" 200 62
(0.000) 
            SELECT name, type FROM sqlite_master
            WHERE type in ('table', 'view') AND NOT name='sqlite_sequence'
            ORDER BY name; args=None
(0.000) SELECT "django_migrations"."app", "django_migrations"."name" FROM "django_migrations"; args=()
"GET /accounts/register/ HTTP/1.1" 200 566
"POST / HTTP/1.1" 200 62
(0.000) 
            SELECT name, type FROM sqlite_master
            WHERE type in ('table', 'view') AND NOT name='sqlite_sequence'
            ORDER BY name; args=None
(0.000) SELECT "django_migrations"."app", "django_migrations"."name" FROM "django_migrations"; args=()
(0.000) 
            SELECT name, type FROM sqlite_master
            WHERE type in ('table', 'view') AND NOT name='sqlite_sequence'
            ORDER BY name; args=None
(0.000) SELECT "django_migrations"."app", "django_migrations"."name" FROM "django_migrations"; args=()
"GET /accounts/register/ HTTP/1.1" 200 566
"POST / HTTP/1.1" 200 62
(0.000) 
            SELECT name, type FROM sqlite_master
            WHERE type in ('table', 'view') AND NOT name='sqlite_sequence'
            ORDER BY name; args=None
(0.000) SELECT "django_migrations"."app", "django_migrations"."name" FROM "django_migrations"; args=()
(0.000) 
            SELECT name, type FROM sqlite_master
            WHERE type in ('table', 'view') AND NOT name='sqlite_sequence'
            ORDER BY name; args=None
(0.000) SELECT "django_migrations"."app", "django_migrations"."name" FROM "django_migrations"; args=()
"GET / HTTP/1.1" 200 62
"GET /accounts/register/ HTTP/1.1" 200 566
"POST / HTTP/1.1" 200 62
(0.000) 
            SELECT name, type FROM sqlite_master
            WHERE type in ('table', 'view') AND NOT name='sqlite_sequence'
            ORDER BY name; args=None
(0.000) SELECT "django_migrations"."app", "django_migrations"."name" FROM "django_migrations"; args=()
(0.000) 
            SELECT name, type FROM sqlite_master
            WHERE type in ('table', 'view') AND NOT name='sqlite_sequence'
            ORDER BY name; args=None
(0.000) SELECT "django_migrations"."app", "django_migrations"."name" FROM "django_migrations"; args=()
"POST / HTTP/1.1" 200 62
"GET /accounts/register/ HTTP/1.1" 200 566
"POST / HTTP/1.1" 200 62
(0.000) 
            SELECT name, type FROM sqlite_master
            WHERE type in ('table', 'view') AND NOT name='sqlite_sequence'
            ORDER BY name; args=None
(0.000) SELECT "django_migrations"."app", "django_migrations"."name" FROM "django_migrations"; args=()
"POST / HTTP/1.1" 200 62
"GET /accounts/register/ HTTP/1.1" 200 566
"POST / HTTP/1.1" 200 62
"POST / HTTP/1.1" 200 62
"GET /accounts/register/ HTTP/1.1" 200 566
"POST / HTTP/1.1" 200 62
(0.000) 
            SELECT name, type FROM sqlite_master
            WHERE type in ('table', 'view') AND NOT name='sqlite_sequence'
            ORDER BY name; args=None
(0.000) SELECT "django_migrations"."app", "django_migrations"."name" FROM "django_migrations"; args=()
"POST / HTTP/1.1" 200 62
"GET /accounts/register/ HTTP/1.1" 200 566
"POST / HTTP/1.1" 200 62
(0.000) 
            SELECT name, type FROM sqlite_master
            WHERE type in ('table', 'view') AND NOT name='sqlite_sequence'
            ORDER BY name; args=None
(0.000) SELECT "django_migrations"."app", "django_migrations"."name" FROM "django_migrations"; args=()
(0.000) 
            SELECT name, type FROM sqlite_master
            WHERE type in ('table', 'view') AND NOT name='sqlite_sequence'
            ORDER BY name; args=None
(0.000) SELECT "django_migrations"."app", "django_migrations"."name" FROM "django_migrations"; args=()
"POST / HTTP/1.1" 200 62
"GET / HTTP/1.1" 200 62
"GET / HTTP/1.1" 200 62
"GET / HTTP/1.1" 200 62
"GET /accounts/register/ HTTP/1.1" 200 555
Internal Server Error: /accounts/register/
Traceback (most recent call last):
  File "/home/zames/workspaces/my-twitch/twitch-env/lib/python3.6/site-packages/django/core/handlers/exception.py", line 34, in inner
    response = get_response(request)
  File "/home/zames/workspaces/my-twitch/twitch-env/lib/python3.6/site-packages/django/core/handlers/base.py", line 126, in _get_response
    response = self.process_exception_by_middleware(e, request)
  File "/home/zames/workspaces/my-twitch/twitch-env/lib/python3.6/site-packages/django/core/handlers/base.py", line 124, in _get_response
    response = wrapped_callback(request, *callback_args, **callback_kwargs)
  File "/home/zames/workspaces/zames-twitch/twitch_django/user/views.py", line 27, in register
    logfile.write(123435)
TypeError: write() argument must be str, not int
"POST /accounts/register/ HTTP/1.1" 500 69697
(0.000) 
            SELECT name, type FROM sqlite_master
            WHERE type in ('table', 'view') AND NOT name='sqlite_sequence'
            ORDER BY name; args=None
(0.000) SELECT "django_migrations"."app", "django_migrations"."name" FROM "django_migrations"; args=()
"POST /accounts/register/ HTTP/1.1" 200 555
"POST /accounts/register/ HTTP/1.1" 200 555
(0.000) 
            SELECT name, type FROM sqlite_master
            WHERE type in ('table', 'view') AND NOT name='sqlite_sequence'
            ORDER BY name; args=None
(0.000) SELECT "django_migrations"."app", "django_migrations"."name" FROM "django_migrations"; args=()
Internal Server Error: /accounts/register/
Traceback (most recent call last):
  File "/home/zames/workspaces/my-twitch/twitch-env/lib/python3.6/site-packages/django/core/handlers/exception.py", line 34, in inner
    response = get_response(request)
  File "/home/zames/workspaces/my-twitch/twitch-env/lib/python3.6/site-packages/django/core/handlers/base.py", line 126, in _get_response
    response = self.process_exception_by_middleware(e, request)
  File "/home/zames/workspaces/my-twitch/twitch-env/lib/python3.6/site-packages/django/core/handlers/base.py", line 124, in _get_response
    response = wrapped_callback(request, *callback_args, **callback_kwargs)
  File "/home/zames/workspaces/zames-twitch/twitch_django/user/views.py", line 27, in register
    logfile.write(request.POST)
TypeError: write() argument must be str, not QueryDict
"POST /accounts/register/ HTTP/1.1" 500 69733
(0.000) 
            SELECT name, type FROM sqlite_master
            WHERE type in ('table', 'view') AND NOT name='sqlite_sequence'
            ORDER BY name; args=None
(0.000) SELECT "django_migrations"."app", "django_migrations"."name" FROM "django_migrations"; args=()
Internal Server Error: /accounts/register/
Traceback (most recent call last):
  File "/home/zames/workspaces/my-twitch/twitch-env/lib/python3.6/site-packages/django/core/handlers/exception.py", line 34, in inner
    response = get_response(request)
  File "/home/zames/workspaces/my-twitch/twitch-env/lib/python3.6/site-packages/django/core/handlers/base.py", line 126, in _get_response
    response = self.process_exception_by_middleware(e, request)
  File "/home/zames/workspaces/my-twitch/twitch-env/lib/python3.6/site-packages/django/core/handlers/base.py", line 124, in _get_response
    response = wrapped_callback(request, *callback_args, **callback_kwargs)
  File "/home/zames/workspaces/zames-twitch/twitch_django/user/views.py", line 27, in register
    logfile.write(request.text)
AttributeError: 'WSGIRequest' object has no attribute 'text'
"POST /accounts/register/ HTTP/1.1" 500 69833
Internal Server Error: /accounts/register/
Traceback (most recent call last):
  File "/home/zames/workspaces/my-twitch/twitch-env/lib/python3.6/site-packages/django/core/handlers/exception.py", line 34, in inner
    response = get_response(request)
  File "/home/zames/workspaces/my-twitch/twitch-env/lib/python3.6/site-packages/django/core/handlers/base.py", line 126, in _get_response
    response = self.process_exception_by_middleware(e, request)
  File "/home/zames/workspaces/my-twitch/twitch-env/lib/python3.6/site-packages/django/core/handlers/base.py", line 124, in _get_response
    response = wrapped_callback(request, *callback_args, **callback_kwargs)
  File "/home/zames/workspaces/zames-twitch/twitch_django/user/views.py", line 27, in register
    logfile.write(request.text)
AttributeError: 'WSGIRequest' object has no attribute 'text'
"POST /accounts/register/ HTTP/1.1" 500 69833
(0.000) 
            SELECT name, type FROM sqlite_master
            WHERE type in ('table', 'view') AND NOT name='sqlite_sequence'
            ORDER BY name; args=None
(0.000) SELECT "django_migrations"."app", "django_migrations"."name" FROM "django_migrations"; args=()
Internal Server Error: /accounts/register/
Traceback (most recent call last):
  File "/home/zames/workspaces/my-twitch/twitch-env/lib/python3.6/site-packages/django/core/handlers/exception.py", line 34, in inner
    response = get_response(request)
  File "/home/zames/workspaces/my-twitch/twitch-env/lib/python3.6/site-packages/django/core/handlers/base.py", line 126, in _get_response
    response = self.process_exception_by_middleware(e, request)
  File "/home/zames/workspaces/my-twitch/twitch-env/lib/python3.6/site-packages/django/core/handlers/base.py", line 124, in _get_response
    response = wrapped_callback(request, *callback_args, **callback_kwargs)
  File "/home/zames/workspaces/zames-twitch/twitch_django/user/views.py", line 27, in register
    logfile.write(request.POST.text)
AttributeError: 'QueryDict' object has no attribute 'text'
"POST /accounts/register/ HTTP/1.1" 500 69835
(0.000) 
            SELECT name, type FROM sqlite_master
            WHERE type in ('table', 'view') AND NOT name='sqlite_sequence'
            ORDER BY name; args=None
(0.000) SELECT "django_migrations"."app", "django_migrations"."name" FROM "django_migrations"; args=()
"GET /accounts/register/ HTTP/1.1" 200 555
Internal Server Error: /accounts/register/
Traceback (most recent call last):
  File "/home/zames/workspaces/my-twitch/twitch-env/lib/python3.6/site-packages/django/core/handlers/exception.py", line 34, in inner
    response = get_response(request)
  File "/home/zames/workspaces/my-twitch/twitch-env/lib/python3.6/site-packages/django/core/handlers/base.py", line 126, in _get_response
    response = self.process_exception_by_middleware(e, request)
  File "/home/zames/workspaces/my-twitch/twitch-env/lib/python3.6/site-packages/django/core/handlers/base.py", line 124, in _get_response
    response = wrapped_callback(request, *callback_args, **callback_kwargs)
  File "/home/zames/workspaces/zames-twitch/twitch_django/user/views.py", line 27, in register
    logfile.write(request.POST.str())
AttributeError: 'QueryDict' object has no attribute 'str'
"POST /accounts/register/ HTTP/1.1" 500 69833
Internal Server Error: /accounts/register/
Traceback (most recent call last):
  File "/home/zames/workspaces/my-twitch/twitch-env/lib/python3.6/site-packages/django/core/handlers/exception.py", line 34, in inner
    response = get_response(request)
  File "/home/zames/workspaces/my-twitch/twitch-env/lib/python3.6/site-packages/django/core/handlers/base.py", line 126, in _get_response
    response = self.process_exception_by_middleware(e, request)
  File "/home/zames/workspaces/my-twitch/twitch-env/lib/python3.6/site-packages/django/core/handlers/base.py", line 124, in _get_response
    response = wrapped_callback(request, *callback_args, **callback_kwargs)
  File "/home/zames/workspaces/zames-twitch/twitch_django/user/views.py", line 27, in register
    logfile.write(request.POST.str())
AttributeError: 'QueryDict' object has no attribute 'str'
"POST /accounts/register/ HTTP/1.1" 500 69833
(0.000) 
            SELECT name, type FROM sqlite_master
            WHERE type in ('table', 'view') AND NOT name='sqlite_sequence'
            ORDER BY name; args=None
(0.000) SELECT "django_migrations"."app", "django_migrations"."name" FROM "django_migrations"; args=()
"POST /accounts/register/ HTTP/1.1" 200 555
"POST /accounts/register/ HTTP/1.1" 200 555
(0.000) 
            SELECT name, type FROM sqlite_master
            WHERE type in ('table', 'view') AND NOT name='sqlite_sequence'
            ORDER BY name; args=None
(0.000) SELECT "django_migrations"."app", "django_migrations"."name" FROM "django_migrations"; args=()
"POST /accounts/register/ HTTP/1.1" 200 555
"POST /accounts/register/ HTTP/1.1" 200 555
"POST /accounts/register/ HTTP/1.1" 200 555
(0.000) 
            SELECT name, type FROM sqlite_master
            WHERE type in ('table', 'view') AND NOT name='sqlite_sequence'
            ORDER BY name; args=None
(0.000) SELECT "django_migrations"."app", "django_migrations"."name" FROM "django_migrations"; args=()
Internal Server Error: /accounts/register/
Traceback (most recent call last):
  File "/home/zames/workspaces/my-twitch/twitch-env/lib/python3.6/site-packages/django/core/handlers/exception.py", line 34, in inner
    response = get_response(request)
  File "/home/zames/workspaces/my-twitch/twitch-env/lib/python3.6/site-packages/django/core/handlers/base.py", line 126, in _get_response
    response = self.process_exception_by_middleware(e, request)
  File "/home/zames/workspaces/my-twitch/twitch-env/lib/python3.6/site-packages/django/core/handlers/base.py", line 124, in _get_response
    response = wrapped_callback(request, *callback_args, **callback_kwargs)
  File "/home/zames/workspaces/zames-twitch/twitch_django/user/views.py", line 25, in register
    logging.error(request.POST.account)
AttributeError: 'QueryDict' object has no attribute 'account'
"POST /accounts/register/ HTTP/1.1" 500 69564
(0.000) 
            SELECT name, type FROM sqlite_master
            WHERE type in ('table', 'view') AND NOT name='sqlite_sequence'
            ORDER BY name; args=None
(0.000) SELECT "django_migrations"."app", "django_migrations"."name" FROM "django_migrations"; args=()
Internal Server Error: /accounts/register/
Traceback (most recent call last):
  File "/home/zames/workspaces/my-twitch/twitch-env/lib/python3.6/site-packages/django/core/handlers/exception.py", line 34, in inner
    response = get_response(request)
  File "/home/zames/workspaces/my-twitch/twitch-env/lib/python3.6/site-packages/django/core/handlers/base.py", line 126, in _get_response
    response = self.process_exception_by_middleware(e, request)
  File "/home/zames/workspaces/my-twitch/twitch-env/lib/python3.6/site-packages/django/core/handlers/base.py", line 124, in _get_response
    response = wrapped_callback(request, *callback_args, **callback_kwargs)
  File "/home/zames/workspaces/zames-twitch/twitch_django/user/views.py", line 25, in register
    logging.error(request.POST.username)
AttributeError: 'QueryDict' object has no attribute 'username'
"POST /accounts/register/ HTTP/1.1" 500 69570
Internal Server Error: /accounts/register/
Traceback (most recent call last):
  File "/home/zames/workspaces/my-twitch/twitch-env/lib/python3.6/site-packages/django/core/handlers/exception.py", line 34, in inner
    response = get_response(request)
  File "/home/zames/workspaces/my-twitch/twitch-env/lib/python3.6/site-packages/django/core/handlers/base.py", line 126, in _get_response
    response = self.process_exception_by_middleware(e, request)
  File "/home/zames/workspaces/my-twitch/twitch-env/lib/python3.6/site-packages/django/core/handlers/base.py", line 124, in _get_response
    response = wrapped_callback(request, *callback_args, **callback_kwargs)
  File "/home/zames/workspaces/zames-twitch/twitch_django/user/views.py", line 25, in register
    logging.error(request.POST.username)
AttributeError: 'QueryDict' object has no attribute 'username'
"POST /accounts/register/ HTTP/1.1" 500 69570
(0.000) 
            SELECT name, type FROM sqlite_master
            WHERE type in ('table', 'view') AND NOT name='sqlite_sequence'
            ORDER BY name; args=None
(0.000) SELECT "django_migrations"."app", "django_migrations"."name" FROM "django_migrations"; args=()
"POST /accounts/register/ HTTP/1.1" 200 555
(0.000) 
            SELECT name, type FROM sqlite_master
            WHERE type in ('table', 'view') AND NOT name='sqlite_sequence'
            ORDER BY name; args=None
(0.000) SELECT "django_migrations"."app", "django_migrations"."name" FROM "django_migrations"; args=()
"GET / HTTP/1.1" 200 62
"GET /accounts/register/ HTTP/1.1" 200 555
"POST /accounts/register/ HTTP/1.1" 200 555
"POST /accounts/register/ HTTP/1.1" 200 555
"POST /accounts/register/ HTTP/1.1" 200 555
(0.000) 
            SELECT name, type FROM sqlite_master
            WHERE type in ('table', 'view') AND NOT name='sqlite_sequence'
            ORDER BY name; args=None
(0.000) SELECT "django_migrations"."app", "django_migrations"."name" FROM "django_migrations"; args=()
(0.000) 
            SELECT name, type FROM sqlite_master
            WHERE type in ('table', 'view') AND NOT name='sqlite_sequence'
            ORDER BY name; args=None
(0.000) SELECT "django_migrations"."app", "django_migrations"."name" FROM "django_migrations"; args=()
(0.000) 
            SELECT name, type FROM sqlite_master
            WHERE type in ('table', 'view') AND NOT name='sqlite_sequence'
            ORDER BY name; args=None
(0.000) SELECT "django_migrations"."app", "django_migrations"."name" FROM "django_migrations"; args=()
(0.000) 
            SELECT name, type FROM sqlite_master
            WHERE type in ('table', 'view') AND NOT name='sqlite_sequence'
            ORDER BY name; args=None
(0.000) SELECT "django_migrations"."app", "django_migrations"."name" FROM "django_migrations"; args=()
(0.000) 
            SELECT name, type FROM sqlite_master
            WHERE type in ('table', 'view') AND NOT name='sqlite_sequence'
            ORDER BY name; args=None
(0.000) SELECT "django_migrations"."app", "django_migrations"."name" FROM "django_migrations"; args=()
(0.000) 
            SELECT name, type FROM sqlite_master
            WHERE type in ('table', 'view') AND NOT name='sqlite_sequence'
            ORDER BY name; args=None
(0.000) SELECT "django_migrations"."app", "django_migrations"."name" FROM "django_migrations"; args=()
Internal Server Error: /accounts/register/
Traceback (most recent call last):
  File "/home/zames/workspaces/my-twitch/twitch-env/lib/python3.6/site-packages/django/core/handlers/exception.py", line 34, in inner
    response = get_response(request)
  File "/home/zames/workspaces/my-twitch/twitch-env/lib/python3.6/site-packages/django/core/handlers/base.py", line 126, in _get_response
    response = self.process_exception_by_middleware(e, request)
  File "/home/zames/workspaces/my-twitch/twitch-env/lib/python3.6/site-packages/django/core/handlers/base.py", line 124, in _get_response
    response = wrapped_callback(request, *callback_args, **callback_kwargs)
  File "/home/zames/workspaces/zames-twitch/twitch_django/user/views.py", line 27, in register
    accout = Account(request.POST)
TypeError: __init__() takes 1 positional argument but 2 were given
"POST /accounts/register/ HTTP/1.1" 500 69797
(0.000) 
            SELECT name, type FROM sqlite_master
            WHERE type in ('table', 'view') AND NOT name='sqlite_sequence'
            ORDER BY name; args=None
(0.000) SELECT "django_migrations"."app", "django_migrations"."name" FROM "django_migrations"; args=()
Internal Server Error: /accounts/register/
Traceback (most recent call last):
  File "/home/zames/workspaces/my-twitch/twitch-env/lib/python3.6/site-packages/django/core/handlers/exception.py", line 34, in inner
    response = get_response(request)
  File "/home/zames/workspaces/my-twitch/twitch-env/lib/python3.6/site-packages/django/core/handlers/base.py", line 126, in _get_response
    response = self.process_exception_by_middleware(e, request)
  File "/home/zames/workspaces/my-twitch/twitch-env/lib/python3.6/site-packages/django/core/handlers/base.py", line 124, in _get_response
    response = wrapped_callback(request, *callback_args, **callback_kwargs)
  File "/home/zames/workspaces/zames-twitch/twitch_django/user/views.py", line 28, in register
    accout = Account(request.POST)
TypeError: __init__() takes 1 positional argument but 2 were given
"POST /accounts/register/ HTTP/1.1" 500 69823
(0.000) 
            SELECT name, type FROM sqlite_master
            WHERE type in ('table', 'view') AND NOT name='sqlite_sequence'
            ORDER BY name; args=None
(0.000) SELECT "django_migrations"."app", "django_migrations"."name" FROM "django_migrations"; args=()
Internal Server Error: /accounts/register/
Traceback (most recent call last):
  File "/home/zames/workspaces/my-twitch/twitch-env/lib/python3.6/site-packages/django/core/handlers/exception.py", line 34, in inner
    response = get_response(request)
  File "/home/zames/workspaces/my-twitch/twitch-env/lib/python3.6/site-packages/django/core/handlers/base.py", line 126, in _get_response
    response = self.process_exception_by_middleware(e, request)
  File "/home/zames/workspaces/my-twitch/twitch-env/lib/python3.6/site-packages/django/core/handlers/base.py", line 124, in _get_response
    response = wrapped_callback(request, *callback_args, **callback_kwargs)
  File "/home/zames/workspaces/zames-twitch/twitch_django/user/views.py", line 28, in register
    accout = Account(request.POST)
TypeError: __init__() takes 1 positional argument but 2 were given
"POST /accounts/register/ HTTP/1.1" 500 69823
(0.000) 
            SELECT name, type FROM sqlite_master
            WHERE type in ('table', 'view') AND NOT name='sqlite_sequence'
            ORDER BY name; args=None
(0.000) SELECT "django_migrations"."app", "django_migrations"."name" FROM "django_migrations"; args=()
Internal Server Error: /accounts/register/
Traceback (most recent call last):
  File "/home/zames/workspaces/my-twitch/twitch-env/lib/python3.6/site-packages/django/core/handlers/exception.py", line 34, in inner
    response = get_response(request)
  File "/home/zames/workspaces/my-twitch/twitch-env/lib/python3.6/site-packages/django/core/handlers/base.py", line 126, in _get_response
    response = self.process_exception_by_middleware(e, request)
  File "/home/zames/workspaces/my-twitch/twitch-env/lib/python3.6/site-packages/django/core/handlers/base.py", line 124, in _get_response
    response = wrapped_callback(request, *callback_args, **callback_kwargs)
  File "/home/zames/workspaces/zames-twitch/twitch_django/user/views.py", line 28, in register
    accout = Account(request.POST)
TypeError: __init__() takes 1 positional argument but 2 were given
"POST /accounts/register/ HTTP/1.1" 500 69823
"GET / HTTP/1.1" 200 62
"GET /accounts/register/ HTTP/1.1" 200 649
Internal Server Error: /accounts/register/
Traceback (most recent call last):
  File "/home/zames/workspaces/my-twitch/twitch-env/lib/python3.6/site-packages/django/core/handlers/exception.py", line 34, in inner
    response = get_response(request)
  File "/home/zames/workspaces/my-twitch/twitch-env/lib/python3.6/site-packages/django/core/handlers/base.py", line 126, in _get_response
    response = self.process_exception_by_middleware(e, request)
  File "/home/zames/workspaces/my-twitch/twitch-env/lib/python3.6/site-packages/django/core/handlers/base.py", line 124, in _get_response
    response = wrapped_callback(request, *callback_args, **callback_kwargs)
  File "/home/zames/workspaces/zames-twitch/twitch_django/user/views.py", line 28, in register
    accout = Account(request.POST)
TypeError: __init__() takes 1 positional argument but 2 were given
"POST /accounts/register/ HTTP/1.1" 500 69929
(0.000) 
            SELECT name, type FROM sqlite_master
            WHERE type in ('table', 'view') AND NOT name='sqlite_sequence'
            ORDER BY name; args=None
(0.000) SELECT "django_migrations"."app", "django_migrations"."name" FROM "django_migrations"; args=()
(0.000) 
            SELECT name, type FROM sqlite_master
            WHERE type in ('table', 'view') AND NOT name='sqlite_sequence'
            ORDER BY name; args=None
(0.000) SELECT "django_migrations"."app", "django_migrations"."name" FROM "django_migrations"; args=()
(0.000) 
            SELECT name, type FROM sqlite_master
            WHERE type in ('table', 'view') AND NOT name='sqlite_sequence'
            ORDER BY name; args=None
(0.000) SELECT "django_migrations"."app", "django_migrations"."name" FROM "django_migrations"; args=()
Internal Server Error: /accounts/register/
Traceback (most recent call last):
  File "/home/zames/workspaces/my-twitch/twitch-env/lib/python3.6/site-packages/django/core/handlers/exception.py", line 34, in inner
    response = get_response(request)
  File "/home/zames/workspaces/my-twitch/twitch-env/lib/python3.6/site-packages/django/core/handlers/base.py", line 126, in _get_response
    response = self.process_exception_by_middleware(e, request)
  File "/home/zames/workspaces/my-twitch/twitch-env/lib/python3.6/site-packages/django/core/handlers/base.py", line 124, in _get_response
    response = wrapped_callback(request, *callback_args, **callback_kwargs)
  File "/home/zames/workspaces/zames-twitch/twitch_django/user/views.py", line 28, in register
    accout = Account(**request.POST)
TypeError: __init__() got an unexpected keyword argument 'csrfmiddlewaretoken'
"POST /accounts/register/ HTTP/1.1" 500 70009
(0.000) 
            SELECT name, type FROM sqlite_master
            WHERE type in ('table', 'view') AND NOT name='sqlite_sequence'
            ORDER BY name; args=None
(0.000) SELECT "django_migrations"."app", "django_migrations"."name" FROM "django_migrations"; args=()
Internal Server Error: /accounts/register/
Traceback (most recent call last):
  File "/home/zames/workspaces/my-twitch/twitch-env/lib/python3.6/site-packages/django/core/handlers/exception.py", line 34, in inner
    response = get_response(request)
  File "/home/zames/workspaces/my-twitch/twitch-env/lib/python3.6/site-packages/django/core/handlers/base.py", line 126, in _get_response
    response = self.process_exception_by_middleware(e, request)
  File "/home/zames/workspaces/my-twitch/twitch-env/lib/python3.6/site-packages/django/core/handlers/base.py", line 124, in _get_response
    response = wrapped_callback(request, *callback_args, **callback_kwargs)
  File "/home/zames/workspaces/zames-twitch/twitch_django/user/views.py", line 27, in register
    logging.error(**(request.POST))
TypeError: error() missing 1 required positional argument: 'msg'
"POST /accounts/register/ HTTP/1.1" 500 70085
Internal Server Error: /accounts/register/
Traceback (most recent call last):
  File "/home/zames/workspaces/my-twitch/twitch-env/lib/python3.6/site-packages/django/core/handlers/exception.py", line 34, in inner
    response = get_response(request)
  File "/home/zames/workspaces/my-twitch/twitch-env/lib/python3.6/site-packages/django/core/handlers/base.py", line 126, in _get_response
    response = self.process_exception_by_middleware(e, request)
  File "/home/zames/workspaces/my-twitch/twitch-env/lib/python3.6/site-packages/django/core/handlers/base.py", line 124, in _get_response
    response = wrapped_callback(request, *callback_args, **callback_kwargs)
  File "/home/zames/workspaces/zames-twitch/twitch_django/user/views.py", line 27, in register
    logging.error(**(request.POST))
TypeError: error() missing 1 required positional argument: 'msg'
"POST /accounts/register/ HTTP/1.1" 500 70085
Internal Server Error: /accounts/register/
Traceback (most recent call last):
  File "/home/zames/workspaces/my-twitch/twitch-env/lib/python3.6/site-packages/django/core/handlers/exception.py", line 34, in inner
    response = get_response(request)
  File "/home/zames/workspaces/my-twitch/twitch-env/lib/python3.6/site-packages/django/core/handlers/base.py", line 126, in _get_response
    response = self.process_exception_by_middleware(e, request)
  File "/home/zames/workspaces/my-twitch/twitch-env/lib/python3.6/site-packages/django/core/handlers/base.py", line 124, in _get_response
    response = wrapped_callback(request, *callback_args, **callback_kwargs)
  File "/home/zames/workspaces/zames-twitch/twitch_django/user/views.py", line 27, in register
    logging.error(**(request.POST))
TypeError: error() missing 1 required positional argument: 'msg'
"POST /accounts/register/ HTTP/1.1" 500 70083
(0.000) 
            SELECT name, type FROM sqlite_master
            WHERE type in ('table', 'view') AND NOT name='sqlite_sequence'
            ORDER BY name; args=None
(0.000) SELECT "django_migrations"."app", "django_migrations"."name" FROM "django_migrations"; args=()
Internal Server Error: /accounts/register/
Traceback (most recent call last):
  File "/home/zames/workspaces/my-twitch/twitch-env/lib/python3.6/site-packages/django/core/handlers/exception.py", line 34, in inner
    response = get_response(request)
  File "/home/zames/workspaces/my-twitch/twitch-env/lib/python3.6/site-packages/django/core/handlers/base.py", line 126, in _get_response
    response = self.process_exception_by_middleware(e, request)
  File "/home/zames/workspaces/my-twitch/twitch-env/lib/python3.6/site-packages/django/core/handlers/base.py", line 124, in _get_response
    response = wrapped_callback(request, *callback_args, **callback_kwargs)
  File "/home/zames/workspaces/zames-twitch/twitch_django/user/views.py", line 27, in register
    accout = Account(request.POST.account,request.POST.password1,request.password2)
AttributeError: 'QueryDict' object has no attribute 'account'
"POST /accounts/register/ HTTP/1.1" 500 70049
Internal Server Error: /accounts/register/
Traceback (most recent call last):
  File "/home/zames/workspaces/my-twitch/twitch-env/lib/python3.6/site-packages/django/core/handlers/exception.py", line 34, in inner
    response = get_response(request)
  File "/home/zames/workspaces/my-twitch/twitch-env/lib/python3.6/site-packages/django/core/handlers/base.py", line 126, in _get_response
    response = self.process_exception_by_middleware(e, request)
  File "/home/zames/workspaces/my-twitch/twitch-env/lib/python3.6/site-packages/django/core/handlers/base.py", line 124, in _get_response
    response = wrapped_callback(request, *callback_args, **callback_kwargs)
  File "/home/zames/workspaces/zames-twitch/twitch_django/user/views.py", line 27, in register
    accout = Account(request.POST.account,request.POST.password1,request.password2)
AttributeError: 'QueryDict' object has no attribute 'account'
"POST /accounts/register/ HTTP/1.1" 500 70058
"GET /accounts/register/ HTTP/1.1" 200 648
"GET /accounts/register/ HTTP/1.1" 200 648
"GET /accounts/register/ HTTP/1.1" 200 648
Internal Server Error: /accounts/register/
Traceback (most recent call last):
  File "/home/zames/workspaces/my-twitch/twitch-env/lib/python3.6/site-packages/django/core/handlers/exception.py", line 34, in inner
    response = get_response(request)
  File "/home/zames/workspaces/my-twitch/twitch-env/lib/python3.6/site-packages/django/core/handlers/base.py", line 126, in _get_response
    response = self.process_exception_by_middleware(e, request)
  File "/home/zames/workspaces/my-twitch/twitch-env/lib/python3.6/site-packages/django/core/handlers/base.py", line 124, in _get_response
    response = wrapped_callback(request, *callback_args, **callback_kwargs)
  File "/home/zames/workspaces/zames-twitch/twitch_django/user/views.py", line 27, in register
    accout = Account(request.POST.account,request.POST.password1,request.password2)
AttributeError: 'QueryDict' object has no attribute 'account'
"POST /accounts/register/ HTTP/1.1" 500 70050
(0.000) 
            SELECT name, type FROM sqlite_master
            WHERE type in ('table', 'view') AND NOT name='sqlite_sequence'
            ORDER BY name; args=None
(0.000) SELECT "django_migrations"."app", "django_migrations"."name" FROM "django_migrations"; args=()
Internal Server Error: /accounts/register/
Traceback (most recent call last):
  File "/home/zames/workspaces/my-twitch/twitch-env/lib/python3.6/site-packages/django/core/handlers/exception.py", line 34, in inner
    response = get_response(request)
  File "/home/zames/workspaces/my-twitch/twitch-env/lib/python3.6/site-packages/django/core/handlers/base.py", line 126, in _get_response
    response = self.process_exception_by_middleware(e, request)
  File "/home/zames/workspaces/my-twitch/twitch-env/lib/python3.6/site-packages/django/core/handlers/base.py", line 124, in _get_response
    response = wrapped_callback(request, *callback_args, **callback_kwargs)
  File "/home/zames/workspaces/zames-twitch/twitch_django/user/views.py", line 27, in register
    accout = Account(request.POST['account'],request.POST['password1'],request['password2'])
TypeError: 'WSGIRequest' object is not subscriptable
"POST /accounts/register/ HTTP/1.1" 500 70038
(0.000) 
            SELECT name, type FROM sqlite_master
            WHERE type in ('table', 'view') AND NOT name='sqlite_sequence'
            ORDER BY name; args=None
(0.000) SELECT "django_migrations"."app", "django_migrations"."name" FROM "django_migrations"; args=()
Internal Server Error: /accounts/register/
Traceback (most recent call last):
  File "/home/zames/workspaces/my-twitch/twitch-env/lib/python3.6/site-packages/django/core/handlers/exception.py", line 34, in inner
    response = get_response(request)
  File "/home/zames/workspaces/my-twitch/twitch-env/lib/python3.6/site-packages/django/core/handlers/base.py", line 126, in _get_response
    response = self.process_exception_by_middleware(e, request)
  File "/home/zames/workspaces/my-twitch/twitch-env/lib/python3.6/site-packages/django/core/handlers/base.py", line 124, in _get_response
    response = wrapped_callback(request, *callback_args, **callback_kwargs)
  File "/home/zames/workspaces/zames-twitch/twitch_django/user/views.py", line 27, in register
    accout = Account(request.POST['account'],request.POST['password1'],request.POST['password2'])
  File "/home/zames/workspaces/zames-twitch/twitch_django/user/utils/account.py", line 14, in __init__
    self.salt = open("salt",'r').readline()
FileNotFoundError: [Errno 2] No such file or directory: 'salt'
"POST /accounts/register/ HTTP/1.1" 500 74404
(0.000) 
            SELECT name, type FROM sqlite_master
            WHERE type in ('table', 'view') AND NOT name='sqlite_sequence'
            ORDER BY name; args=None
(0.000) SELECT "django_migrations"."app", "django_migrations"."name" FROM "django_migrations"; args=()
(0.000) 
            SELECT name, type FROM sqlite_master
            WHERE type in ('table', 'view') AND NOT name='sqlite_sequence'
            ORDER BY name; args=None
(0.000) SELECT "django_migrations"."app", "django_migrations"."name" FROM "django_migrations"; args=()
"POST /accounts/register/ HTTP/1.1" 200 648
"POST /accounts/register/ HTTP/1.1" 200 648
(0.000) 
            SELECT name, type FROM sqlite_master
            WHERE type in ('table', 'view') AND NOT name='sqlite_sequence'
            ORDER BY name; args=None
(0.000) SELECT "django_migrations"."app", "django_migrations"."name" FROM "django_migrations"; args=()
(0.000) 
            SELECT name, type FROM sqlite_master
            WHERE type in ('table', 'view') AND NOT name='sqlite_sequence'
            ORDER BY name; args=None
(0.000) SELECT "django_migrations"."app", "django_migrations"."name" FROM "django_migrations"; args=()
(0.000) 
            SELECT name, type FROM sqlite_master
            WHERE type in ('table', 'view') AND NOT name='sqlite_sequence'
            ORDER BY name; args=None
(0.000) SELECT "django_migrations"."app", "django_migrations"."name" FROM "django_migrations"; args=()
(0.014) 
            SELECT name, type FROM sqlite_master
            WHERE type in ('table', 'view') AND NOT name='sqlite_sequence'
            ORDER BY name; args=None
(0.000) SELECT "django_migrations"."app", "django_migrations"."name" FROM "django_migrations"; args=()
"GET / HTTP/1.1" 200 62
"GET / HTTP/1.1" 200 62
Exception while resolving variable 'name' in template 'unknown'.
Traceback (most recent call last):
  File "/home/zames/workspaces/my-twitch/twitch-env/lib/python3.6/site-packages/django/core/handlers/exception.py", line 34, in inner
    response = get_response(request)
  File "/home/zames/workspaces/my-twitch/twitch-env/lib/python3.6/site-packages/django/core/handlers/base.py", line 111, in _get_response
    resolver_match = resolver.resolve(request.path_info)
  File "/home/zames/workspaces/my-twitch/twitch-env/lib/python3.6/site-packages/django/urls/resolvers.py", line 520, in resolve
    raise Resolver404({'tried': tried, 'path': new_path})
django.urls.exceptions.Resolver404: {'tried': [[<URLResolver <URLPattern list> (admin:admin) 'admin/'>], [<URLPattern 'accounts/register/'>], [<URLPattern ''>]], 'path': 'favicon.ico'}

During handling of the above exception, another exception occurred:

Traceback (most recent call last):
  File "/home/zames/workspaces/my-twitch/twitch-env/lib/python3.6/site-packages/django/template/base.py", line 829, in _resolve_lookup
    current = current[bit]
TypeError: 'URLResolver' object is not subscriptable

During handling of the above exception, another exception occurred:

Traceback (most recent call last):
  File "/home/zames/workspaces/my-twitch/twitch-env/lib/python3.6/site-packages/django/template/base.py", line 837, in _resolve_lookup
    current = getattr(current, bit)
AttributeError: 'URLResolver' object has no attribute 'name'

During handling of the above exception, another exception occurred:

Traceback (most recent call last):
  File "/home/zames/workspaces/my-twitch/twitch-env/lib/python3.6/site-packages/django/template/base.py", line 843, in _resolve_lookup
    current = current[int(bit)]
ValueError: invalid literal for int() with base 10: 'name'

During handling of the above exception, another exception occurred:

Traceback (most recent call last):
  File "/home/zames/workspaces/my-twitch/twitch-env/lib/python3.6/site-packages/django/template/base.py", line 850, in _resolve_lookup
    (bit, current))  # missing attribute
django.template.base.VariableDoesNotExist: Failed lookup for key [name] in <URLResolver <URLPattern list> (admin:admin) 'admin/'>
Not Found: /favicon.ico
"GET /favicon.ico HTTP/1.1" 404 2197
Exception while resolving variable 'name' in template 'unknown'.
Traceback (most recent call last):
  File "/home/zames/workspaces/my-twitch/twitch-env/lib/python3.6/site-packages/django/core/handlers/exception.py", line 34, in inner
    response = get_response(request)
  File "/home/zames/workspaces/my-twitch/twitch-env/lib/python3.6/site-packages/django/core/handlers/base.py", line 111, in _get_response
    resolver_match = resolver.resolve(request.path_info)
  File "/home/zames/workspaces/my-twitch/twitch-env/lib/python3.6/site-packages/django/urls/resolvers.py", line 520, in resolve
    raise Resolver404({'tried': tried, 'path': new_path})
django.urls.exceptions.Resolver404: {'tried': [[<URLResolver <URLPattern list> (admin:admin) 'admin/'>], [<URLPattern 'accounts/register/'>], [<URLPattern ''>]], 'path': 'favicon.ico'}

During handling of the above exception, another exception occurred:

Traceback (most recent call last):
  File "/home/zames/workspaces/my-twitch/twitch-env/lib/python3.6/site-packages/django/template/base.py", line 829, in _resolve_lookup
    current = current[bit]
TypeError: 'URLResolver' object is not subscriptable

During handling of the above exception, another exception occurred:

Traceback (most recent call last):
  File "/home/zames/workspaces/my-twitch/twitch-env/lib/python3.6/site-packages/django/template/base.py", line 837, in _resolve_lookup
    current = getattr(current, bit)
AttributeError: 'URLResolver' object has no attribute 'name'

During handling of the above exception, another exception occurred:

Traceback (most recent call last):
  File "/home/zames/workspaces/my-twitch/twitch-env/lib/python3.6/site-packages/django/template/base.py", line 843, in _resolve_lookup
    current = current[int(bit)]
ValueError: invalid literal for int() with base 10: 'name'

During handling of the above exception, another exception occurred:

Traceback (most recent call last):
  File "/home/zames/workspaces/my-twitch/twitch-env/lib/python3.6/site-packages/django/template/base.py", line 850, in _resolve_lookup
    (bit, current))  # missing attribute
django.template.base.VariableDoesNotExist: Failed lookup for key [name] in <URLResolver <URLPattern list> (admin:admin) 'admin/'>
Not Found: /favicon.ico
"GET /favicon.ico HTTP/1.1" 404 2197
"GET /accounts/register/ HTTP/1.1" 200 648
"POST /accounts/register/ HTTP/1.1" 200 648
(0.000) 
            SELECT name, type FROM sqlite_master
            WHERE type in ('table', 'view') AND NOT name='sqlite_sequence'
            ORDER BY name; args=None
(0.000) SELECT "django_migrations"."app", "django_migrations"."name" FROM "django_migrations"; args=()
(0.000) 
            SELECT name, type FROM sqlite_master
            WHERE type in ('table', 'view') AND NOT name='sqlite_sequence'
            ORDER BY name; args=None
(0.000) SELECT "django_migrations"."app", "django_migrations"."name" FROM "django_migrations"; args=()
(0.000) 
            SELECT name, type FROM sqlite_master
            WHERE type in ('table', 'view') AND NOT name='sqlite_sequence'
            ORDER BY name; args=None
(0.000) SELECT "django_migrations"."app", "django_migrations"."name" FROM "django_migrations"; args=()
(0.000) 
            SELECT name, type FROM sqlite_master
            WHERE type in ('table', 'view') AND NOT name='sqlite_sequence'
            ORDER BY name; args=None
(0.000) SELECT "django_migrations"."app", "django_migrations"."name" FROM "django_migrations"; args=()
(0.000) 
            SELECT name, type FROM sqlite_master
            WHERE type in ('table', 'view') AND NOT name='sqlite_sequence'
            ORDER BY name; args=None
(0.000) SELECT "django_migrations"."app", "django_migrations"."name" FROM "django_migrations"; args=()
(0.000) 
            SELECT name, type FROM sqlite_master
            WHERE type in ('table', 'view') AND NOT name='sqlite_sequence'
            ORDER BY name; args=None
(0.000) SELECT "django_migrations"."app", "django_migrations"."name" FROM "django_migrations"; args=()
(0.000) 
            SELECT name, type FROM sqlite_master
            WHERE type in ('table', 'view') AND NOT name='sqlite_sequence'
            ORDER BY name; args=None
(0.000) SELECT "django_migrations"."app", "django_migrations"."name" FROM "django_migrations"; args=()
(0.000) 
            SELECT name, type FROM sqlite_master
            WHERE type in ('table', 'view') AND NOT name='sqlite_sequence'
            ORDER BY name; args=None
(0.000) SELECT "django_migrations"."app", "django_migrations"."name" FROM "django_migrations"; args=()
(0.000) 
            SELECT name, type FROM sqlite_master
            WHERE type in ('table', 'view') AND NOT name='sqlite_sequence'
            ORDER BY name; args=None
(0.000) SELECT "django_migrations"."app", "django_migrations"."name" FROM "django_migrations"; args=()
(0.000) 
            SELECT name, type FROM sqlite_master
            WHERE type in ('table', 'view') AND NOT name='sqlite_sequence'
            ORDER BY name; args=None
(0.000) SELECT "django_migrations"."app", "django_migrations"."name" FROM "django_migrations"; args=()
(0.000) 
            SELECT name, type FROM sqlite_master
            WHERE type in ('table', 'view') AND NOT name='sqlite_sequence'
            ORDER BY name; args=None
(0.000) SELECT "django_migrations"."app", "django_migrations"."name" FROM "django_migrations"; args=()
(0.000) 
            SELECT name, type FROM sqlite_master
            WHERE type in ('table', 'view') AND NOT name='sqlite_sequence'
            ORDER BY name; args=None
(0.000) SELECT "django_migrations"."app", "django_migrations"."name" FROM "django_migrations"; args=()
(0.000) 
            SELECT name, type FROM sqlite_master
            WHERE type in ('table', 'view') AND NOT name='sqlite_sequence'
            ORDER BY name; args=None
(0.000) SELECT "django_migrations"."app", "django_migrations"."name" FROM "django_migrations"; args=()
(0.000) 
            SELECT name, type FROM sqlite_master
            WHERE type in ('table', 'view') AND NOT name='sqlite_sequence'
            ORDER BY name; args=None
(0.000) SELECT "django_migrations"."app", "django_migrations"."name" FROM "django_migrations"; args=()
"GET / HTTP/1.1" 200 62
"GET /accounts/register/ HTTP/1.1" 200 648
Internal Server Error: /accounts/register/
Traceback (most recent call last):
  File "/home/zames/workspaces/my-twitch/twitch-env/lib/python3.6/site-packages/django/core/handlers/exception.py", line 34, in inner
    response = get_response(request)
  File "/home/zames/workspaces/my-twitch/twitch-env/lib/python3.6/site-packages/django/core/handlers/base.py", line 126, in _get_response
    response = self.process_exception_by_middleware(e, request)
  File "/home/zames/workspaces/my-twitch/twitch-env/lib/python3.6/site-packages/django/core/handlers/base.py", line 124, in _get_response
    response = wrapped_callback(request, *callback_args, **callback_kwargs)
  File "/home/zames/workspaces/zames-twitch/twitch_django/user/views.py", line 27, in register
    account = Account(request.POST['account'],request.POST['password1'],request.POST['password2'])
  File "/home/zames/workspaces/zames-twitch/twitch_django/user/utils/account.py", line 11, in __init__
    self.hash_password = self.__to_sha256(password1)
  File "/home/zames/workspaces/zames-twitch/twitch_django/user/utils/account.py", line 36, in __to_sha256
    return sha256(password+self.__salt).hexdigest()
AttributeError: 'Account' object has no attribute '_Account__salt'
"POST /accounts/register/ HTTP/1.1" 500 77260
(0.000) 
            SELECT name, type FROM sqlite_master
            WHERE type in ('table', 'view') AND NOT name='sqlite_sequence'
            ORDER BY name; args=None
(0.000) SELECT "django_migrations"."app", "django_migrations"."name" FROM "django_migrations"; args=()
"GET / HTTP/1.1" 200 62
"GET /accounts/register/ HTTP/1.1" 200 648
Internal Server Error: /accounts/register/
Traceback (most recent call last):
  File "/home/zames/workspaces/my-twitch/twitch-env/lib/python3.6/site-packages/django/core/handlers/exception.py", line 34, in inner
    response = get_response(request)
  File "/home/zames/workspaces/my-twitch/twitch-env/lib/python3.6/site-packages/django/core/handlers/base.py", line 126, in _get_response
    response = self.process_exception_by_middleware(e, request)
  File "/home/zames/workspaces/my-twitch/twitch-env/lib/python3.6/site-packages/django/core/handlers/base.py", line 124, in _get_response
    response = wrapped_callback(request, *callback_args, **callback_kwargs)
  File "/home/zames/workspaces/zames-twitch/twitch_django/user/views.py", line 27, in register
    account = Account(request.POST['account'],request.POST['password1'],request.POST['password2'])
  File "/home/zames/workspaces/zames-twitch/twitch_django/user/utils/account.py", line 11, in __init__
    self.hash_password = self.__to_sha256(password1)
  File "/home/zames/workspaces/zames-twitch/twitch_django/user/utils/account.py", line 36, in __to_sha256
    return sha256(password+salt).hexdigest()
TypeError: Unicode-objects must be encoded before hashing
"POST /accounts/register/ HTTP/1.1" 500 77274
(0.000) 
            SELECT name, type FROM sqlite_master
            WHERE type in ('table', 'view') AND NOT name='sqlite_sequence'
            ORDER BY name; args=None
(0.000) SELECT "django_migrations"."app", "django_migrations"."name" FROM "django_migrations"; args=()
(0.000) 
            SELECT name, type FROM sqlite_master
            WHERE type in ('table', 'view') AND NOT name='sqlite_sequence'
            ORDER BY name; args=None
(0.000) SELECT "django_migrations"."app", "django_migrations"."name" FROM "django_migrations"; args=()
"GET / HTTP/1.1" 200 62
"GET /accounts/register/ HTTP/1.1" 200 648
Internal Server Error: /accounts/register/
Traceback (most recent call last):
  File "/home/zames/workspaces/my-twitch/twitch-env/lib/python3.6/site-packages/django/core/handlers/exception.py", line 34, in inner
    response = get_response(request)
  File "/home/zames/workspaces/my-twitch/twitch-env/lib/python3.6/site-packages/django/core/handlers/base.py", line 126, in _get_response
    response = self.process_exception_by_middleware(e, request)
  File "/home/zames/workspaces/my-twitch/twitch-env/lib/python3.6/site-packages/django/core/handlers/base.py", line 124, in _get_response
    response = wrapped_callback(request, *callback_args, **callback_kwargs)
  File "/home/zames/workspaces/zames-twitch/twitch_django/user/views.py", line 27, in register
    account = Account(request.POST['account'],request.POST['password1'],request.POST['password2'])
  File "/home/zames/workspaces/zames-twitch/twitch_django/user/utils/account.py", line 11, in __init__
    self.hash_password = self.__to_sha256(password1)
  File "/home/zames/workspaces/zames-twitch/twitch_django/user/utils/account.py", line 36, in __to_sha256
    return sha256(password.encode('utf-8')+salt).hexdigest()
TypeError: can't concat str to bytes
"POST /accounts/register/ HTTP/1.1" 500 77256
(0.000) 
            SELECT name, type FROM sqlite_master
            WHERE type in ('table', 'view') AND NOT name='sqlite_sequence'
            ORDER BY name; args=None
(0.000) SELECT "django_migrations"."app", "django_migrations"."name" FROM "django_migrations"; args=()
"GET / HTTP/1.1" 200 62
"GET /accounts/register/ HTTP/1.1" 200 648
(0.000) BEGIN; args=None
(0.013) INSERT INTO "user_user" ("account", "password") VALUES ('123456', '873b0314a8ec7216c87af0a239de213d1b0ec9620ed15e0d74c8157aa6781ba2'); args=['123456', '873b0314a8ec7216c87af0a239de213d1b0ec9620ed15e0d74c8157aa6781ba2']
Internal Server Error: /accounts/register/
Traceback (most recent call last):
  File "/home/zames/workspaces/my-twitch/twitch-env/lib/python3.6/site-packages/django/core/handlers/exception.py", line 34, in inner
    response = get_response(request)
  File "/home/zames/workspaces/my-twitch/twitch-env/lib/python3.6/site-packages/django/core/handlers/base.py", line 126, in _get_response
    response = self.process_exception_by_middleware(e, request)
  File "/home/zames/workspaces/my-twitch/twitch-env/lib/python3.6/site-packages/django/core/handlers/base.py", line 124, in _get_response
    response = wrapped_callback(request, *callback_args, **callback_kwargs)
  File "/home/zames/workspaces/zames-twitch/twitch_django/user/views.py", line 32, in register
    logging.error(user.objects.values_list('password', flat=True))
  File "/home/zames/workspaces/my-twitch/twitch-env/lib/python3.6/site-packages/django/db/models/manager.py", line 176, in __get__
    raise AttributeError("Manager isn't accessible via %s instances" % cls.__name__)
AttributeError: Manager isn't accessible via User instances
"POST /accounts/register/ HTTP/1.1" 500 74852
